
Noise-free
100.0 % recognized correctly.



Gaussian noise with std dev 1
100.0 % recognized correctly.



Gaussian noise with std dev 2
100.0 % recognized correctly.



Gaussian noise with std dev 3
100.0 % recognized correctly.



Gaussian noise with std dev 5
100.0 % recognized correctly.



Gaussian noise with std dev 7
100.0 % recognized correctly.



Gaussian noise with std dev 9
100.0 % recognized correctly.



Gaussian noise with std dev 20
76.47058823529412 % recognized correctly.
Incorrect results: 
55r165.png recognized as:  39.png
55r200.png recognized as:  39.png
32r175.png recognized as:  99.png
55r120.png recognized as:  39.png
32r50.png recognized as:  99.png
71r80.png recognized as:  95.png
32r135.png recognized as:  99.png
32r5.png recognized as:  99.png
55r295.png recognized as:  39.png
71r10.png recognized as:  95.png
32r140.png recognized as:  99.png
32r165.png recognized as:  99.png



Gaussian noise with std dev 40
58.82352941176471 % recognized correctly.
Incorrect results: 
55r165.png recognized as:  39.png
55r200.png recognized as:  39.png
26r55.png recognized as:  32.png
29r325.png recognized as:  99.png
32r175.png recognized as:  99.png
29r165.png recognized as:  99.png
55r120.png recognized as:  39.png
7r155.png recognized as:  32.png
7r130.png recognized as:  32.png
32r50.png recognized as:  99.png
71r80.png recognized as:  95.png
32r135.png recognized as:  99.png
29r130.png recognized as:  99.png
32r5.png recognized as:  99.png
7r105.png recognized as:  32.png
55r295.png recognized as:  39.png
71r10.png recognized as:  95.png
7r255.png recognized as:  32.png
26r345.png recognized as:  32.png
32r140.png recognized as:  99.png
32r165.png recognized as:  99.png



Gaussian noise with std dev 50
47.05882352941176 % recognized correctly.
Incorrect results: 
55r165.png recognized as:  39.png
55r200.png recognized as:  39.png
26r55.png recognized as:  32.png
29r325.png recognized as:  99.png
32r175.png recognized as:  99.png
62r315.png recognized as:  95.png
62r10.png recognized as:  95.png
29r165.png recognized as:  99.png
55r120.png recognized as:  39.png
7r155.png recognized as:  32.png
7r130.png recognized as:  32.png
32r50.png recognized as:  99.png
71r80.png recognized as:  95.png
32r135.png recognized as:  99.png
62r185.png recognized as:  95.png
29r130.png recognized as:  99.png
32r5.png recognized as:  99.png
7r105.png recognized as:  32.png
55r295.png recognized as:  39.png
62r55.png recognized as:  95.png
62r285.png recognized as:  95.png
71r10.png recognized as:  95.png
7r255.png recognized as:  32.png
26r345.png recognized as:  32.png
32r140.png recognized as:  99.png
62r190.png recognized as:  95.png
32r165.png recognized as:  99.png



Gaussian noise with std dev 60
45.09803921568628 % recognized correctly.
Incorrect results: 
55r165.png recognized as:  39.png
55r200.png recognized as:  39.png
26r55.png recognized as:  32.png
64r90.png recognized as:  55.png
29r325.png recognized as:  99.png
32r175.png recognized as:  99.png
62r315.png recognized as:  95.png
62r10.png recognized as:  95.png
29r165.png recognized as:  99.png
55r120.png recognized as:  39.png
7r155.png recognized as:  32.png
7r130.png recognized as:  32.png
32r50.png recognized as:  99.png
71r80.png recognized as:  95.png
32r135.png recognized as:  99.png
62r185.png recognized as:  95.png
29r130.png recognized as:  99.png
32r5.png recognized as:  99.png
7r105.png recognized as:  32.png
55r295.png recognized as:  39.png
62r55.png recognized as:  95.png
62r285.png recognized as:  95.png
71r10.png recognized as:  95.png
7r255.png recognized as:  32.png
26r345.png recognized as:  32.png
32r140.png recognized as:  99.png
62r190.png recognized as:  95.png
32r165.png recognized as:  99.png



Salt and pepper noise with density 0.2%
100.0 % recognized correctly.



Salt and pepper noise with density 0.4%
100.0 % recognized correctly.



Salt and pepper noise with density 0.6%
100.0 % recognized correctly.



Salt and pepper noise with density 1%
100.0 % recognized correctly.



Salt and pepper noise with density 2%
100.0 % recognized correctly.



Salt and pepper noise with density 3%
100.0 % recognized correctly.



Salt and pepper noise with density 5%
82.35294117647058 % recognized correctly.
Incorrect results: 
32r175.png recognized as:  99.png
32r50.png recognized as:  99.png
71r80.png recognized as:  95.png
32r135.png recognized as:  99.png
32r5.png recognized as:  99.png
55r295.png recognized as:  39.png
71r10.png recognized as:  95.png
32r140.png recognized as:  99.png
32r165.png recognized as:  99.png



Salt and pepper noise with density 10%
58.82352941176471 % recognized correctly.
Incorrect results: 
55r165.png recognized as:  39.png
55r200.png recognized as:  39.png
26r55.png recognized as:  32.png
29r325.png recognized as:  99.png
32r175.png recognized as:  99.png
29r165.png recognized as:  99.png
55r120.png recognized as:  39.png
7r155.png recognized as:  32.png
7r130.png recognized as:  32.png
32r50.png recognized as:  99.png
71r80.png recognized as:  95.png
32r135.png recognized as:  99.png
29r130.png recognized as:  99.png
32r5.png recognized as:  99.png
7r105.png recognized as:  32.png
55r295.png recognized as:  39.png
71r10.png recognized as:  95.png
7r255.png recognized as:  32.png
26r345.png recognized as:  32.png
32r140.png recognized as:  99.png
32r165.png recognized as:  99.png



Salt and pepper noise with density 15%
47.05882352941176 % recognized correctly.
Incorrect results: 
55r165.png recognized as:  39.png
55r200.png recognized as:  39.png
26r55.png recognized as:  32.png
29r325.png recognized as:  99.png
32r175.png recognized as:  99.png
62r315.png recognized as:  95.png
62r10.png recognized as:  95.png
29r165.png recognized as:  99.png
55r120.png recognized as:  39.png
7r155.png recognized as:  32.png
7r130.png recognized as:  32.png
32r50.png recognized as:  99.png
71r80.png recognized as:  95.png
32r135.png recognized as:  99.png
62r185.png recognized as:  95.png
29r130.png recognized as:  99.png
32r5.png recognized as:  99.png
7r105.png recognized as:  32.png
55r295.png recognized as:  39.png
62r55.png recognized as:  95.png
62r285.png recognized as:  95.png
71r10.png recognized as:  95.png
7r255.png recognized as:  32.png
26r345.png recognized as:  32.png
32r140.png recognized as:  99.png
62r190.png recognized as:  95.png
32r165.png recognized as:  99.png


