


QZMIType.NORMAL TestType.COIL_ROTATED NoiseType.CLEAN

Noise-free
100.0 % recognized correctly.





QZMIType.NORMAL TestType.COIL_ROTATED NoiseType.GAUSS

Gaussian noise with std dev 40
100.0 % recognized correctly.



Gaussian noise with std dev 50
100.0 % recognized correctly.



Gaussian noise with std dev 60
98.0392156862745 % recognized correctly.
Incorrect results: 
7r255.png recognized as:  29.png



Gaussian noise with std dev 70
96.07843137254902 % recognized correctly.
Incorrect results: 
29r325.png recognized as:  7.png
7r130.png recognized as:  29.png



Gaussian noise with std dev 80
100.0 % recognized correctly.



Gaussian noise with std dev 90
100.0 % recognized correctly.



Gaussian noise with std dev 100
100.0 % recognized correctly.



Gaussian noise with std dev 110
98.0392156862745 % recognized correctly.
Incorrect results: 
29r325.png recognized as:  7.png



Gaussian noise with std dev 120
94.11764705882352 % recognized correctly.
Incorrect results: 
95r0.png recognized as:  71.png
7r105.png recognized as:  26.png
7r255.png recognized as:  29.png





QZMIType.NORMAL TestType.COIL_ROTATED NoiseType.GAUSS_NO_ROUND

Gaussian noise (no rounding) with std dev 40
100.0 % recognized correctly.



Gaussian noise (no rounding) with std dev 50
100.0 % recognized correctly.



Gaussian noise (no rounding) with std dev 60
100.0 % recognized correctly.



Gaussian noise (no rounding) with std dev 70
98.0392156862745 % recognized correctly.
Incorrect results: 
29r325.png recognized as:  7.png



Gaussian noise (no rounding) with std dev 80
100.0 % recognized correctly.



Gaussian noise (no rounding) with std dev 90
100.0 % recognized correctly.



Gaussian noise (no rounding) with std dev 100
100.0 % recognized correctly.



Gaussian noise (no rounding) with std dev 110
100.0 % recognized correctly.



Gaussian noise (no rounding) with std dev 120
96.07843137254902 % recognized correctly.
Incorrect results: 
95r0.png recognized as:  71.png
7r255.png recognized as:  29.png





QZMIType.NORMAL TestType.COIL_ROTATED NoiseType.SALT

Salt and pepper noise with density 5%
100.0 % recognized correctly.



Salt and pepper noise with density 10%
100.0 % recognized correctly.



Salt and pepper noise with density 15%
100.0 % recognized correctly.



Salt and pepper noise with density 20%
100.0 % recognized correctly.



Salt and pepper noise with density 25%
100.0 % recognized correctly.



Salt and pepper noise with density 30%
100.0 % recognized correctly.





QZMIType.LEGENDRE1 TestType.COIL_ROTATED NoiseType.CLEAN

Noise-free
100.0 % recognized correctly.





QZMIType.LEGENDRE1 TestType.COIL_ROTATED NoiseType.GAUSS

Gaussian noise with std dev 40
100.0 % recognized correctly.



Gaussian noise with std dev 50
100.0 % recognized correctly.



Gaussian noise with std dev 60
100.0 % recognized correctly.



Gaussian noise with std dev 70
98.0392156862745 % recognized correctly.
Incorrect results: 
29r325.png recognized as:  7.png



Gaussian noise with std dev 80
100.0 % recognized correctly.



Gaussian noise with std dev 90
100.0 % recognized correctly.



Gaussian noise with std dev 100
94.11764705882352 % recognized correctly.
Incorrect results: 
7r130.png recognized as:  29.png
7r105.png recognized as:  29.png
7r255.png recognized as:  29.png



Gaussian noise with std dev 110
92.15686274509804 % recognized correctly.
Incorrect results: 
29r325.png recognized as:  7.png
29r165.png recognized as:  7.png
7r155.png recognized as:  29.png
7r105.png recognized as:  29.png



Gaussian noise with std dev 120
96.07843137254902 % recognized correctly.
Incorrect results: 
7r130.png recognized as:  29.png
7r255.png recognized as:  29.png





QZMIType.LEGENDRE1 TestType.COIL_ROTATED NoiseType.GAUSS_NO_ROUND

Gaussian noise (no rounding) with std dev 40
100.0 % recognized correctly.



Gaussian noise (no rounding) with std dev 50
100.0 % recognized correctly.



Gaussian noise (no rounding) with std dev 60
100.0 % recognized correctly.



Gaussian noise (no rounding) with std dev 70
100.0 % recognized correctly.



Gaussian noise (no rounding) with std dev 80
100.0 % recognized correctly.



Gaussian noise (no rounding) with std dev 90
100.0 % recognized correctly.



Gaussian noise (no rounding) with std dev 100
98.0392156862745 % recognized correctly.
Incorrect results: 
7r255.png recognized as:  29.png



Gaussian noise (no rounding) with std dev 110
96.07843137254902 % recognized correctly.
Incorrect results: 
29r325.png recognized as:  7.png
7r155.png recognized as:  29.png



Gaussian noise (no rounding) with std dev 120
96.07843137254902 % recognized correctly.
Incorrect results: 
7r130.png recognized as:  29.png
7r255.png recognized as:  29.png





QZMIType.LEGENDRE1 TestType.COIL_ROTATED NoiseType.SALT

Salt and pepper noise with density 5%
100.0 % recognized correctly.



Salt and pepper noise with density 10%
100.0 % recognized correctly.



Salt and pepper noise with density 15%
100.0 % recognized correctly.



Salt and pepper noise with density 20%
100.0 % recognized correctly.



Salt and pepper noise with density 25%
100.0 % recognized correctly.



Salt and pepper noise with density 30%
100.0 % recognized correctly.





QZMIType.LEGENDRE2 TestType.COIL_ROTATED NoiseType.CLEAN

Noise-free
100.0 % recognized correctly.





QZMIType.LEGENDRE2 TestType.COIL_ROTATED NoiseType.GAUSS

Gaussian noise with std dev 40
100.0 % recognized correctly.



Gaussian noise with std dev 50
100.0 % recognized correctly.



Gaussian noise with std dev 60
100.0 % recognized correctly.



Gaussian noise with std dev 70
100.0 % recognized correctly.



Gaussian noise with std dev 80
100.0 % recognized correctly.



Gaussian noise with std dev 90
96.07843137254902 % recognized correctly.
Incorrect results: 
7r105.png recognized as:  29.png
7r255.png recognized as:  29.png



Gaussian noise with std dev 100
92.15686274509804 % recognized correctly.
Incorrect results: 
7r155.png recognized as:  29.png
7r130.png recognized as:  29.png
7r105.png recognized as:  29.png
7r255.png recognized as:  29.png



Gaussian noise with std dev 110
98.0392156862745 % recognized correctly.
Incorrect results: 
7r155.png recognized as:  29.png



Gaussian noise with std dev 120
94.11764705882352 % recognized correctly.
Incorrect results: 
7r130.png recognized as:  29.png
7r105.png recognized as:  29.png
7r255.png recognized as:  29.png





QZMIType.LEGENDRE2 TestType.COIL_ROTATED NoiseType.GAUSS_NO_ROUND

Gaussian noise (no rounding) with std dev 40
100.0 % recognized correctly.



Gaussian noise (no rounding) with std dev 50
100.0 % recognized correctly.



Gaussian noise (no rounding) with std dev 60
100.0 % recognized correctly.



Gaussian noise (no rounding) with std dev 70
100.0 % recognized correctly.



Gaussian noise (no rounding) with std dev 80
100.0 % recognized correctly.



Gaussian noise (no rounding) with std dev 90
98.0392156862745 % recognized correctly.
Incorrect results: 
7r105.png recognized as:  29.png



Gaussian noise (no rounding) with std dev 100
94.11764705882352 % recognized correctly.
Incorrect results: 
7r155.png recognized as:  29.png
7r130.png recognized as:  29.png
7r105.png recognized as:  29.png



Gaussian noise (no rounding) with std dev 110
98.0392156862745 % recognized correctly.
Incorrect results: 
7r155.png recognized as:  29.png



Gaussian noise (no rounding) with std dev 120
94.11764705882352 % recognized correctly.
Incorrect results: 
7r130.png recognized as:  29.png
7r105.png recognized as:  29.png
7r255.png recognized as:  29.png





QZMIType.LEGENDRE2 TestType.COIL_ROTATED NoiseType.SALT

Salt and pepper noise with density 5%
100.0 % recognized correctly.



Salt and pepper noise with density 10%
100.0 % recognized correctly.



Salt and pepper noise with density 15%
100.0 % recognized correctly.



Salt and pepper noise with density 20%
100.0 % recognized correctly.



Salt and pepper noise with density 25%
100.0 % recognized correctly.



Salt and pepper noise with density 30%
100.0 % recognized correctly.


