

 QZMIType.NORMAL TestType.COIL_TRANSFORMED NoiseType.CLEAN

Noise-free
100.0 % recognized correctly.




 QZMIType.NORMAL TestType.COIL_TRANSFORMED NoiseType.GAUSS

Gaussian noise with std dev 1
100.0 % recognized correctly.



Gaussian noise with std dev 2
100.0 % recognized correctly.



Gaussian noise with std dev 3
100.0 % recognized correctly.



Gaussian noise with std dev 5
88.13559322033898 % recognized correctly.
Incorrect results: 
55x-11y9r330s1_25.png recognized as:  64.png
64x-11y9r150s0_75.png recognized as:  55.png
64x-11y9r90s1_0.png recognized as:  55.png
55x-11y9r30s1_75.png recognized as:  64.png
55x-11y9r0s1_25.png recognized as:  64.png
55x-11y9r150s0_5.png recognized as:  64.png
55x-11y9r180s1_5.png recognized as:  64.png



Gaussian noise with std dev 7
94.91525423728814 % recognized correctly.
Incorrect results: 
64x-11y9r150s0_75.png recognized as:  55.png
64x-11y9r30s1_75.png recognized as:  55.png
64x-11y9r90s1_75.png recognized as:  55.png



Gaussian noise with std dev 9
94.91525423728814 % recognized correctly.
Incorrect results: 
64x-11y9r30s1_75.png recognized as:  55.png
64x-11y9r90s1_75.png recognized as:  55.png
7x-11y9r60s1_0.png recognized as:  32.png



Gaussian noise with std dev 40
96.61016949152543 % recognized correctly.
Incorrect results: 
29x-11y9r150s0_75.png recognized as:  7.png
7x-11y9r240s1_25.png recognized as:  29.png



Gaussian noise with std dev 50
89.83050847457628 % recognized correctly.
Incorrect results: 
29x-11y9r330s0_5.png recognized as:  7.png
22x-11y9r240s1_25.png recognized as:  65.png
22x-11y9r90s1_0.png recognized as:  55.png
29x-11y9r120s1_25.png recognized as:  7.png
22x-11y9r330s1_75.png recognized as:  55.png
7x-11y9r60s1_0.png recognized as:  26.png



Gaussian noise with std dev 60
83.05084745762711 % recognized correctly.
Incorrect results: 
62x-11y9r150s1_75.png recognized as:  95.png
22x-11y9r90s1_0.png recognized as:  39.png
29x-11y9r120s1_25.png recognized as:  7.png
7x-11y9r240s0_75.png recognized as:  26.png
22x-11y9r0s1_5.png recognized as:  39.png
29x-11y9r150s0_75.png recognized as:  7.png
65x-11y9r300s1_5.png recognized as:  64.png
29x-11y9r330s1_5.png recognized as:  7.png
22x-11y9r90s1_75.png recognized as:  39.png
7x-11y9r60s1_0.png recognized as:  55.png




 QZMIType.NORMAL TestType.COIL_TRANSFORMED NoiseType.GAUSS_NO_ROUND

Gaussian noise (no rounding) with std dev 1
100.0 % recognized correctly.



Gaussian noise (no rounding) with std dev 2
98.30508474576271 % recognized correctly.
Incorrect results: 
95x-11y9r300s1_0.png recognized as:  22.png



Gaussian noise (no rounding) with std dev 3
98.30508474576271 % recognized correctly.
Incorrect results: 
95x-11y9r210s2_0.png recognized as:  22.png



Gaussian noise (no rounding) with std dev 5
91.52542372881356 % recognized correctly.
Incorrect results: 
29x-11y9r300s0_5.png recognized as:  71.png
26x-11y9r180s0_75.png recognized as:  32.png
29x-11y9r330s0_5.png recognized as:  71.png
29x-11y9r120s1_25.png recognized as:  71.png
29x-11y9r150s0_75.png recognized as:  71.png



Gaussian noise (no rounding) with std dev 7
94.91525423728814 % recognized correctly.
Incorrect results: 
64x-11y9r150s0_75.png recognized as:  65.png
95x-11y9r210s2_0.png recognized as:  22.png
95x-11y9r300s1_0.png recognized as:  22.png



Gaussian noise (no rounding) with std dev 9
79.66101694915254 % recognized correctly.
Incorrect results: 
29x-11y9r330s0_5.png recognized as:  71.png
22x-11y9r240s1_25.png recognized as:  65.png
22x-11y9r90s1_0.png recognized as:  65.png
29x-11y9r120s1_25.png recognized as:  71.png
64x-11y9r150s0_75.png recognized as:  55.png
64x-11y9r30s1_75.png recognized as:  22.png
64x-11y9r90s1_75.png recognized as:  55.png
22x-11y9r0s1_5.png recognized as:  65.png
29x-11y9r90s2_0.png recognized as:  71.png
29x-11y9r330s1_5.png recognized as:  71.png
22x-11y9r330s1_75.png recognized as:  65.png
22x-11y9r90s1_75.png recognized as:  65.png



Gaussian noise (no rounding) with std dev 40
45.76271186440678 % recognized correctly.
Incorrect results: 
55x-11y9r330s1_25.png recognized as:  32.png
95x-11y9r30s1_25.png recognized as:  29.png
29x-11y9r300s0_5.png recognized as:  71.png
26x-11y9r180s0_75.png recognized as:  13.png
29x-11y9r330s0_5.png recognized as:  62.png
22x-11y9r240s1_25.png recognized as:  71.png
22x-11y9r90s1_0.png recognized as:  64.png
64x-11y9r150s0_75.png recognized as:  55.png
64x-11y9r30s1_75.png recognized as:  55.png
65x-11y9r30s1_0.png recognized as:  32.png
64x-11y9r90s1_0.png recognized as:  13.png
7x-11y9r240s0_75.png recognized as:  22.png
95x-11y9r210s2_0.png recognized as:  29.png
64x-11y9r90s1_75.png recognized as:  32.png
95x-11y9r60s1_0.png recognized as:  64.png
22x-11y9r0s1_5.png recognized as:  65.png
29x-11y9r90s2_0.png recognized as:  71.png
29x-11y9r150s0_75.png recognized as:  71.png
55x-11y9r210s1_5.png recognized as:  32.png
55x-11y9r90s0_75.png recognized as:  32.png
7x-11y9r30s1_25.png recognized as:  22.png
55x-11y9r150s0_5.png recognized as:  13.png
7x-11y9r30s1_0.png recognized as:  71.png
29x-11y9r330s1_5.png recognized as:  71.png
22x-11y9r330s1_75.png recognized as:  65.png
7x-11y9r210s1_5.png recognized as:  26.png
22x-11y9r90s1_75.png recognized as:  65.png
26x-11y9r300s1_5.png recognized as:  22.png
55x-11y9r180s1_5.png recognized as:  32.png
7x-11y9r60s1_0.png recognized as:  22.png
26x-11y9r300s1_25.png recognized as:  22.png
26x-11y9r150s1_25.png recognized as:  32.png



Gaussian noise (no rounding) with std dev 50
27.11864406779661 % recognized correctly.
Incorrect results: 
55x-11y9r330s1_25.png recognized as:  95.png
95x-11y9r30s1_25.png recognized as:  26.png
13x-11y9r180s0_5.png recognized as:  39.png
29x-11y9r300s0_5.png recognized as:  95.png
26x-11y9r180s0_75.png recognized as:  32.png
29x-11y9r330s0_5.png recognized as:  32.png
22x-11y9r240s1_25.png recognized as:  95.png
22x-11y9r90s1_0.png recognized as:  64.png
29x-11y9r120s1_25.png recognized as:  55.png
64x-11y9r150s0_75.png recognized as:  55.png
64x-11y9r30s1_75.png recognized as:  55.png
55x-11y9r270s2_0.png recognized as:  95.png
64x-11y9r90s1_0.png recognized as:  65.png
7x-11y9r240s0_75.png recognized as:  65.png
55x-11y9r30s1_75.png recognized as:  95.png
39x-11y9r210s1_25.png recognized as:  13.png
64x-11y9r90s1_75.png recognized as:  55.png
55x-11y9r0s1_25.png recognized as:  64.png
95x-11y9r60s1_0.png recognized as:  32.png
22x-11y9r0s1_5.png recognized as:  26.png
29x-11y9r90s2_0.png recognized as:  71.png
29x-11y9r150s0_75.png recognized as:  62.png
55x-11y9r210s1_5.png recognized as:  95.png
7x-11y9r240s1_25.png recognized as:  71.png
55x-11y9r90s0_75.png recognized as:  32.png
7x-11y9r30s1_25.png recognized as:  32.png
55x-11y9r150s0_5.png recognized as:  13.png
39x-11y9r330s0_75.png recognized as:  13.png
7x-11y9r30s1_0.png recognized as:  64.png
71x-11y9r120s1_0.png recognized as:  29.png
29x-11y9r330s1_5.png recognized as:  71.png
22x-11y9r330s1_75.png recognized as:  26.png
7x-11y9r210s1_5.png recognized as:  32.png
22x-11y9r90s1_75.png recognized as:  55.png
39x-11y9r180s1_75.png recognized as:  13.png
26x-11y9r300s1_5.png recognized as:  32.png
55x-11y9r180s1_5.png recognized as:  95.png
7x-11y9r60s1_0.png recognized as:  64.png
39x-11y9r30s1_75.png recognized as:  13.png
26x-11y9r300s1_25.png recognized as:  64.png
26x-11y9r150s1_25.png recognized as:  64.png
39x-11y9r210s0_5.png recognized as:  13.png
71x-11y9r150s1_75.png recognized as:  29.png



Gaussian noise (no rounding) with std dev 60
42.3728813559322 % recognized correctly.
Incorrect results: 
55x-11y9r330s1_25.png recognized as:  26.png
95x-11y9r30s1_25.png recognized as:  22.png
62x-11y9r150s1_75.png recognized as:  64.png
29x-11y9r300s0_5.png recognized as:  39.png
29x-11y9r330s0_5.png recognized as:  95.png
22x-11y9r240s1_25.png recognized as:  65.png
22x-11y9r90s1_0.png recognized as:  64.png
29x-11y9r120s1_25.png recognized as:  7.png
64x-11y9r150s0_75.png recognized as:  55.png
64x-11y9r30s1_75.png recognized as:  65.png
55x-11y9r270s2_0.png recognized as:  22.png
64x-11y9r90s1_0.png recognized as:  65.png
7x-11y9r240s0_75.png recognized as:  55.png
55x-11y9r30s1_75.png recognized as:  22.png
64x-11y9r90s1_75.png recognized as:  65.png
22x-11y9r0s1_5.png recognized as:  65.png
29x-11y9r90s2_0.png recognized as:  7.png
29x-11y9r150s0_75.png recognized as:  65.png
55x-11y9r210s1_5.png recognized as:  22.png
65x-11y9r300s1_5.png recognized as:  26.png
7x-11y9r240s1_25.png recognized as:  22.png
55x-11y9r90s0_75.png recognized as:  26.png
7x-11y9r30s1_25.png recognized as:  32.png
55x-11y9r150s0_5.png recognized as:  71.png
7x-11y9r30s1_0.png recognized as:  22.png
29x-11y9r330s1_75.png recognized as:  7.png
29x-11y9r330s1_5.png recognized as:  7.png
22x-11y9r330s1_75.png recognized as:  65.png
22x-11y9r90s1_75.png recognized as:  64.png
26x-11y9r300s1_5.png recognized as:  32.png
7x-11y9r60s1_0.png recognized as:  64.png
26x-11y9r300s1_25.png recognized as:  32.png
26x-11y9r150s1_25.png recognized as:  65.png
71x-11y9r150s1_75.png recognized as:  65.png




 QZMIType.NORMAL TestType.COIL_TRANSFORMED NoiseType.SALT

Salt and pepper noise with density 1%
98.30508474576271 % recognized correctly.
Incorrect results: 
55x-11y9r150s0_5.png recognized as:  64.png



Salt and pepper noise with density 2%
100.0 % recognized correctly.



Salt and pepper noise with density 3%
100.0 % recognized correctly.




 QZMIType.LEGENDRE1 TestType.COIL_TRANSFORMED NoiseType.CLEAN

Noise-free
100.0 % recognized correctly.




 QZMIType.LEGENDRE1 TestType.COIL_TRANSFORMED NoiseType.GAUSS

Gaussian noise with std dev 1
100.0 % recognized correctly.



Gaussian noise with std dev 2
100.0 % recognized correctly.



Gaussian noise with std dev 3
100.0 % recognized correctly.



Gaussian noise with std dev 5
98.30508474576271 % recognized correctly.
Incorrect results: 
55x-11y9r150s0_5.png recognized as:  64.png



Gaussian noise with std dev 7
93.22033898305084 % recognized correctly.
Incorrect results: 
64x-11y9r150s0_75.png recognized as:  55.png
64x-11y9r30s1_75.png recognized as:  55.png
64x-11y9r90s1_0.png recognized as:  55.png
64x-11y9r90s1_75.png recognized as:  55.png



Gaussian noise with std dev 9
86.4406779661017 % recognized correctly.
Incorrect results: 
64x-11y9r150s0_75.png recognized as:  55.png
64x-11y9r30s1_75.png recognized as:  55.png
64x-11y9r90s1_0.png recognized as:  55.png
7x-11y9r240s0_75.png recognized as:  32.png
64x-11y9r90s1_75.png recognized as:  55.png
55x-11y9r150s0_5.png recognized as:  64.png
7x-11y9r30s1_0.png recognized as:  32.png
7x-11y9r60s1_0.png recognized as:  32.png



Gaussian noise with std dev 40
86.4406779661017 % recognized correctly.
Incorrect results: 
55x-11y9r270s2_0.png recognized as:  39.png
65x-11y9r30s1_0.png recognized as:  55.png
55x-11y9r30s1_75.png recognized as:  39.png
55x-11y9r0s1_25.png recognized as:  39.png
55x-11y9r90s0_75.png recognized as:  39.png
7x-11y9r210s1_5.png recognized as:  26.png
55x-11y9r180s1_5.png recognized as:  39.png
39x-11y9r210s0_5.png recognized as:  32.png



Gaussian noise with std dev 50
74.57627118644068 % recognized correctly.
Incorrect results: 
29x-11y9r300s0_5.png recognized as:  7.png
29x-11y9r330s0_5.png recognized as:  26.png
22x-11y9r240s1_25.png recognized as:  39.png
22x-11y9r90s1_0.png recognized as:  39.png
29x-11y9r120s1_25.png recognized as:  7.png
64x-11y9r90s1_0.png recognized as:  65.png
22x-11y9r0s1_5.png recognized as:  39.png
7x-11y9r30s1_25.png recognized as:  26.png
55x-11y9r150s0_5.png recognized as:  39.png
7x-11y9r30s1_0.png recognized as:  26.png
22x-11y9r330s1_75.png recognized as:  39.png
65x-11y9r210s1_25.png recognized as:  64.png
7x-11y9r210s1_5.png recognized as:  26.png
22x-11y9r90s1_75.png recognized as:  39.png
7x-11y9r60s1_0.png recognized as:  26.png



Gaussian noise with std dev 60
77.96610169491525 % recognized correctly.
Incorrect results: 
29x-11y9r300s0_5.png recognized as:  26.png
29x-11y9r330s0_5.png recognized as:  26.png
22x-11y9r240s1_25.png recognized as:  39.png
22x-11y9r90s1_0.png recognized as:  39.png
64x-11y9r90s1_0.png recognized as:  65.png
22x-11y9r0s1_5.png recognized as:  39.png
55x-11y9r90s0_75.png recognized as:  39.png
7x-11y9r30s1_25.png recognized as:  26.png
55x-11y9r150s0_5.png recognized as:  26.png
7x-11y9r30s1_0.png recognized as:  26.png
22x-11y9r330s1_75.png recognized as:  39.png
22x-11y9r90s1_75.png recognized as:  39.png
7x-11y9r60s1_0.png recognized as:  29.png




 QZMIType.LEGENDRE1 TestType.COIL_TRANSFORMED NoiseType.GAUSS_NO_ROUND

Gaussian noise (no rounding) with std dev 1
100.0 % recognized correctly.



Gaussian noise (no rounding) with std dev 2
100.0 % recognized correctly.



Gaussian noise (no rounding) with std dev 3
100.0 % recognized correctly.



Gaussian noise (no rounding) with std dev 5
100.0 % recognized correctly.



Gaussian noise (no rounding) with std dev 7
100.0 % recognized correctly.



Gaussian noise (no rounding) with std dev 9
100.0 % recognized correctly.



Gaussian noise (no rounding) with std dev 40
93.22033898305084 % recognized correctly.
Incorrect results: 
22x-11y9r240s1_25.png recognized as:  65.png
22x-11y9r90s1_0.png recognized as:  65.png
7x-11y9r30s1_25.png recognized as:  32.png
55x-11y9r150s0_5.png recognized as:  39.png



Gaussian noise (no rounding) with std dev 50
69.49152542372882 % recognized correctly.
Incorrect results: 
55x-11y9r330s1_25.png recognized as:  65.png
29x-11y9r330s0_5.png recognized as:  26.png
22x-11y9r240s1_25.png recognized as:  55.png
22x-11y9r90s1_0.png recognized as:  55.png
55x-11y9r270s2_0.png recognized as:  65.png
64x-11y9r90s1_0.png recognized as:  65.png
7x-11y9r240s0_75.png recognized as:  26.png
55x-11y9r30s1_75.png recognized as:  65.png
55x-11y9r0s1_25.png recognized as:  65.png
55x-11y9r210s1_5.png recognized as:  65.png
55x-11y9r90s0_75.png recognized as:  65.png
7x-11y9r30s1_25.png recognized as:  26.png
55x-11y9r150s0_5.png recognized as:  64.png
7x-11y9r30s1_0.png recognized as:  26.png
22x-11y9r330s1_75.png recognized as:  55.png
7x-11y9r210s1_5.png recognized as:  26.png
22x-11y9r90s1_75.png recognized as:  55.png
55x-11y9r180s1_5.png recognized as:  65.png



Gaussian noise (no rounding) with std dev 60
91.52542372881356 % recognized correctly.
Incorrect results: 
64x-11y9r90s1_75.png recognized as:  65.png
7x-11y9r30s1_25.png recognized as:  26.png
55x-11y9r150s0_5.png recognized as:  39.png
7x-11y9r30s1_0.png recognized as:  26.png
7x-11y9r210s1_5.png recognized as:  26.png




 QZMIType.LEGENDRE1 TestType.COIL_TRANSFORMED NoiseType.SALT

Salt and pepper noise with density 1%
100.0 % recognized correctly.



Salt and pepper noise with density 2%
98.30508474576271 % recognized correctly.
Incorrect results: 
55x-11y9r210s1_5.png recognized as:  64.png



Salt and pepper noise with density 3%
100.0 % recognized correctly.


