
Noise-free
100.0 % recognized correctly.



Gaussian noise with std dev 1
89.83050847457628 % recognized correctly.
Incorrect results: 
26x-11y9r180s0_75.png recognized as:  32.png
95x-11y9r210s2_0.png recognized as:  22.png
95x-11y9r300s1_0.png recognized as:  22.png
26x-11y9r300s1_5.png recognized as:  32.png
26x-11y9r300s1_25.png recognized as:  32.png
26x-11y9r150s1_25.png recognized as:  32.png



Gaussian noise with std dev 2
84.7457627118644 % recognized correctly.
Incorrect results: 
95x-11y9r30s1_25.png recognized as:  29.png
26x-11y9r180s0_75.png recognized as:  32.png
95x-11y9r210s2_0.png recognized as:  29.png
95x-11y9r60s1_0.png recognized as:  22.png
95x-11y9r300s1_0.png recognized as:  29.png
26x-11y9r300s1_5.png recognized as:  32.png
26x-11y9r300s1_25.png recognized as:  32.png
26x-11y9r150s1_25.png recognized as:  32.png
71x-11y9r150s1_75.png recognized as:  29.png



Gaussian noise with std dev 3
76.27118644067797 % recognized correctly.
Incorrect results: 
95x-11y9r30s1_25.png recognized as:  29.png
26x-11y9r180s0_75.png recognized as:  32.png
55x-11y9r270s2_0.png recognized as:  64.png
95x-11y9r210s2_0.png recognized as:  29.png
95x-11y9r60s1_0.png recognized as:  29.png
29x-11y9r150s0_75.png recognized as:  71.png
55x-11y9r210s1_5.png recognized as:  64.png
95x-11y9r300s1_0.png recognized as:  29.png
55x-11y9r90s0_75.png recognized as:  64.png
71x-11y9r120s1_0.png recognized as:  29.png
26x-11y9r300s1_5.png recognized as:  32.png
26x-11y9r300s1_25.png recognized as:  32.png
26x-11y9r150s1_25.png recognized as:  32.png
71x-11y9r150s1_75.png recognized as:  29.png



Gaussian noise with std dev 5
54.23728813559322 % recognized correctly.
Incorrect results: 
55x-11y9r330s1_25.png recognized as:  64.png
95x-11y9r30s1_25.png recognized as:  29.png
29x-11y9r300s0_5.png recognized as:  71.png
26x-11y9r180s0_75.png recognized as:  32.png
29x-11y9r330s0_5.png recognized as:  99.png
29x-11y9r120s1_25.png recognized as:  99.png
55x-11y9r270s2_0.png recognized as:  64.png
55x-11y9r30s1_75.png recognized as:  64.png
95x-11y9r210s2_0.png recognized as:  29.png
55x-11y9r0s1_25.png recognized as:  64.png
95x-11y9r60s1_0.png recognized as:  29.png
29x-11y9r90s2_0.png recognized as:  99.png
29x-11y9r150s0_75.png recognized as:  99.png
55x-11y9r210s1_5.png recognized as:  64.png
95x-11y9r300s1_0.png recognized as:  29.png
55x-11y9r150s0_5.png recognized as:  64.png
71x-11y9r120s1_0.png recognized as:  29.png
29x-11y9r330s1_75.png recognized as:  7.png
29x-11y9r330s1_5.png recognized as:  99.png
7x-11y9r210s1_5.png recognized as:  32.png
26x-11y9r300s1_5.png recognized as:  32.png
55x-11y9r180s1_5.png recognized as:  64.png
7x-11y9r60s1_0.png recognized as:  32.png
26x-11y9r300s1_25.png recognized as:  32.png
26x-11y9r150s1_25.png recognized as:  32.png
39x-11y9r210s0_5.png recognized as:  55.png
71x-11y9r150s1_75.png recognized as:  29.png



Gaussian noise with std dev 7
47.45762711864407 % recognized correctly.
Incorrect results: 
55x-11y9r330s1_25.png recognized as:  64.png
95x-11y9r30s1_25.png recognized as:  29.png
29x-11y9r300s0_5.png recognized as:  99.png
26x-11y9r180s0_75.png recognized as:  32.png
29x-11y9r330s0_5.png recognized as:  99.png
29x-11y9r120s1_25.png recognized as:  99.png
55x-11y9r270s2_0.png recognized as:  64.png
64x-11y9r90s1_0.png recognized as:  55.png
55x-11y9r30s1_75.png recognized as:  64.png
95x-11y9r210s2_0.png recognized as:  62.png
39x-11y9r210s1_25.png recognized as:  55.png
55x-11y9r0s1_25.png recognized as:  64.png
95x-11y9r60s1_0.png recognized as:  29.png
22x-11y9r0s1_5.png recognized as:  71.png
29x-11y9r90s2_0.png recognized as:  99.png
29x-11y9r150s0_75.png recognized as:  99.png
55x-11y9r210s1_5.png recognized as:  64.png
95x-11y9r300s1_0.png recognized as:  29.png
55x-11y9r90s0_75.png recognized as:  64.png
55x-11y9r150s0_5.png recognized as:  64.png
7x-11y9r30s1_0.png recognized as:  32.png
71x-11y9r120s1_0.png recognized as:  29.png
29x-11y9r330s1_75.png recognized as:  99.png
29x-11y9r330s1_5.png recognized as:  99.png
7x-11y9r210s1_5.png recognized as:  32.png
26x-11y9r300s1_5.png recognized as:  32.png
55x-11y9r180s1_5.png recognized as:  64.png
26x-11y9r300s1_25.png recognized as:  32.png
26x-11y9r150s1_25.png recognized as:  32.png
39x-11y9r210s0_5.png recognized as:  55.png
71x-11y9r150s1_75.png recognized as:  29.png



Gaussian noise with std dev 9
44.06779661016949 % recognized correctly.
Incorrect results: 
55x-11y9r330s1_25.png recognized as:  65.png
95x-11y9r30s1_25.png recognized as:  62.png
29x-11y9r300s0_5.png recognized as:  99.png
26x-11y9r180s0_75.png recognized as:  32.png
39x-11y9r180s1_25.png recognized as:  55.png
29x-11y9r330s0_5.png recognized as:  99.png
29x-11y9r120s1_25.png recognized as:  99.png
55x-11y9r270s2_0.png recognized as:  65.png
55x-11y9r30s1_75.png recognized as:  65.png
95x-11y9r210s2_0.png recognized as:  62.png
39x-11y9r210s1_25.png recognized as:  55.png
55x-11y9r0s1_25.png recognized as:  65.png
95x-11y9r60s1_0.png recognized as:  62.png
29x-11y9r90s2_0.png recognized as:  99.png
29x-11y9r150s0_75.png recognized as:  99.png
55x-11y9r210s1_5.png recognized as:  64.png
95x-11y9r300s1_0.png recognized as:  62.png
55x-11y9r90s0_75.png recognized as:  65.png
55x-11y9r150s0_5.png recognized as:  64.png
39x-11y9r330s0_75.png recognized as:  55.png
71x-11y9r120s1_0.png recognized as:  29.png
29x-11y9r330s1_75.png recognized as:  99.png
29x-11y9r330s1_5.png recognized as:  99.png
7x-11y9r210s1_5.png recognized as:  32.png
39x-11y9r180s1_75.png recognized as:  55.png
26x-11y9r300s1_5.png recognized as:  32.png
55x-11y9r180s1_5.png recognized as:  65.png
7x-11y9r60s1_0.png recognized as:  32.png
39x-11y9r30s1_75.png recognized as:  55.png
26x-11y9r300s1_25.png recognized as:  32.png
26x-11y9r150s1_25.png recognized as:  32.png
39x-11y9r210s0_5.png recognized as:  55.png
71x-11y9r150s1_75.png recognized as:  29.png



Gaussian noise with std dev 20
23.728813559322035 % recognized correctly.
Incorrect results: 
55x-11y9r330s1_25.png recognized as:  7.png
95x-11y9r30s1_25.png recognized as:  62.png
29x-11y9r300s0_5.png recognized as:  99.png
26x-11y9r180s0_75.png recognized as:  32.png
39x-11y9r180s1_25.png recognized as:  71.png
29x-11y9r330s0_5.png recognized as:  99.png
22x-11y9r240s1_25.png recognized as:  29.png
22x-11y9r90s1_0.png recognized as:  29.png
29x-11y9r120s1_25.png recognized as:  99.png
64x-11y9r150s0_75.png recognized as:  55.png
64x-11y9r30s1_75.png recognized as:  55.png
55x-11y9r270s2_0.png recognized as:  7.png
65x-11y9r30s1_0.png recognized as:  22.png
7x-11y9r240s0_75.png recognized as:  32.png
55x-11y9r30s1_75.png recognized as:  7.png
95x-11y9r210s2_0.png recognized as:  62.png
39x-11y9r210s1_25.png recognized as:  71.png
55x-11y9r0s1_25.png recognized as:  7.png
95x-11y9r60s1_0.png recognized as:  62.png
22x-11y9r0s1_5.png recognized as:  29.png
29x-11y9r90s2_0.png recognized as:  99.png
29x-11y9r150s0_75.png recognized as:  99.png
55x-11y9r210s1_5.png recognized as:  7.png
7x-11y9r240s1_25.png recognized as:  32.png
95x-11y9r300s1_0.png recognized as:  62.png
55x-11y9r90s0_75.png recognized as:  7.png
7x-11y9r30s1_25.png recognized as:  32.png
55x-11y9r150s0_5.png recognized as:  65.png
39x-11y9r330s0_75.png recognized as:  71.png
7x-11y9r30s1_0.png recognized as:  32.png
71x-11y9r120s1_0.png recognized as:  62.png
29x-11y9r330s1_75.png recognized as:  99.png
29x-11y9r330s1_5.png recognized as:  99.png
22x-11y9r330s1_75.png recognized as:  29.png
7x-11y9r210s1_5.png recognized as:  32.png
22x-11y9r90s1_75.png recognized as:  29.png
39x-11y9r180s1_75.png recognized as:  71.png
26x-11y9r300s1_5.png recognized as:  32.png
55x-11y9r180s1_5.png recognized as:  7.png
7x-11y9r60s1_0.png recognized as:  32.png
39x-11y9r30s1_75.png recognized as:  71.png
26x-11y9r300s1_25.png recognized as:  32.png
26x-11y9r150s1_25.png recognized as:  32.png
39x-11y9r210s0_5.png recognized as:  71.png
71x-11y9r150s1_75.png recognized as:  62.png



Gaussian noise with std dev 40
25.423728813559322 % recognized correctly.
Incorrect results: 
55x-11y9r330s1_25.png recognized as:  7.png
95x-11y9r30s1_25.png recognized as:  62.png
29x-11y9r300s0_5.png recognized as:  99.png
26x-11y9r180s0_75.png recognized as:  32.png
39x-11y9r180s1_25.png recognized as:  29.png
29x-11y9r330s0_5.png recognized as:  99.png
22x-11y9r240s1_25.png recognized as:  29.png
22x-11y9r90s1_0.png recognized as:  29.png
29x-11y9r120s1_25.png recognized as:  99.png
55x-11y9r270s2_0.png recognized as:  7.png
65x-11y9r30s1_0.png recognized as:  22.png
7x-11y9r240s0_75.png recognized as:  32.png
55x-11y9r30s1_75.png recognized as:  7.png
95x-11y9r210s2_0.png recognized as:  62.png
39x-11y9r210s1_25.png recognized as:  29.png
55x-11y9r0s1_25.png recognized as:  7.png
95x-11y9r60s1_0.png recognized as:  62.png
22x-11y9r0s1_5.png recognized as:  29.png
29x-11y9r90s2_0.png recognized as:  99.png
29x-11y9r150s0_75.png recognized as:  99.png
55x-11y9r210s1_5.png recognized as:  7.png
65x-11y9r300s1_5.png recognized as:  22.png
95x-11y9r300s1_0.png recognized as:  62.png
55x-11y9r90s0_75.png recognized as:  7.png
7x-11y9r30s1_25.png recognized as:  32.png
55x-11y9r150s0_5.png recognized as:  71.png
39x-11y9r330s0_75.png recognized as:  29.png
7x-11y9r30s1_0.png recognized as:  32.png
71x-11y9r120s1_0.png recognized as:  62.png
29x-11y9r330s1_75.png recognized as:  99.png
29x-11y9r330s1_5.png recognized as:  99.png
22x-11y9r330s1_75.png recognized as:  29.png
65x-11y9r210s1_25.png recognized as:  64.png
7x-11y9r210s1_5.png recognized as:  32.png
22x-11y9r90s1_75.png recognized as:  29.png
39x-11y9r180s1_75.png recognized as:  29.png
26x-11y9r300s1_5.png recognized as:  32.png
55x-11y9r180s1_5.png recognized as:  7.png
7x-11y9r60s1_0.png recognized as:  32.png
39x-11y9r30s1_75.png recognized as:  29.png
26x-11y9r300s1_25.png recognized as:  32.png
26x-11y9r150s1_25.png recognized as:  32.png
39x-11y9r210s0_5.png recognized as:  29.png
71x-11y9r150s1_75.png recognized as:  62.png



Gaussian noise with std dev 50
23.728813559322035 % recognized correctly.
Incorrect results: 
55x-11y9r330s1_25.png recognized as:  7.png
95x-11y9r30s1_25.png recognized as:  62.png
29x-11y9r300s0_5.png recognized as:  7.png
26x-11y9r180s0_75.png recognized as:  32.png
39x-11y9r180s1_25.png recognized as:  29.png
29x-11y9r330s0_5.png recognized as:  32.png
22x-11y9r240s1_25.png recognized as:  29.png
22x-11y9r90s1_0.png recognized as:  29.png
29x-11y9r120s1_25.png recognized as:  99.png
64x-11y9r150s0_75.png recognized as:  55.png
55x-11y9r270s2_0.png recognized as:  7.png
65x-11y9r30s1_0.png recognized as:  64.png
7x-11y9r240s0_75.png recognized as:  32.png
55x-11y9r30s1_75.png recognized as:  7.png
95x-11y9r210s2_0.png recognized as:  62.png
39x-11y9r210s1_25.png recognized as:  29.png
64x-11y9r90s1_75.png recognized as:  55.png
55x-11y9r0s1_25.png recognized as:  7.png
95x-11y9r60s1_0.png recognized as:  62.png
22x-11y9r0s1_5.png recognized as:  29.png
29x-11y9r90s2_0.png recognized as:  99.png
29x-11y9r150s0_75.png recognized as:  99.png
55x-11y9r210s1_5.png recognized as:  7.png
7x-11y9r240s1_25.png recognized as:  32.png
95x-11y9r300s1_0.png recognized as:  62.png
55x-11y9r90s0_75.png recognized as:  7.png
7x-11y9r30s1_25.png recognized as:  32.png
55x-11y9r150s0_5.png recognized as:  7.png
39x-11y9r330s0_75.png recognized as:  29.png
7x-11y9r30s1_0.png recognized as:  32.png
71x-11y9r120s1_0.png recognized as:  62.png
29x-11y9r330s1_75.png recognized as:  99.png
29x-11y9r330s1_5.png recognized as:  99.png
22x-11y9r330s1_75.png recognized as:  71.png
7x-11y9r210s1_5.png recognized as:  32.png
22x-11y9r90s1_75.png recognized as:  29.png
39x-11y9r180s1_75.png recognized as:  29.png
26x-11y9r300s1_5.png recognized as:  32.png
55x-11y9r180s1_5.png recognized as:  7.png
7x-11y9r60s1_0.png recognized as:  32.png
39x-11y9r30s1_75.png recognized as:  29.png
26x-11y9r300s1_25.png recognized as:  32.png
26x-11y9r150s1_25.png recognized as:  32.png
39x-11y9r210s0_5.png recognized as:  29.png
71x-11y9r150s1_75.png recognized as:  62.png



Gaussian noise with std dev 60
22.033898305084744 % recognized correctly.
Incorrect results: 
55x-11y9r330s1_25.png recognized as:  7.png
95x-11y9r30s1_25.png recognized as:  62.png
29x-11y9r300s0_5.png recognized as:  99.png
26x-11y9r180s0_75.png recognized as:  32.png
39x-11y9r180s1_25.png recognized as:  29.png
29x-11y9r330s0_5.png recognized as:  99.png
22x-11y9r240s1_25.png recognized as:  29.png
22x-11y9r90s1_0.png recognized as:  29.png
29x-11y9r120s1_25.png recognized as:  32.png
64x-11y9r150s0_75.png recognized as:  55.png
55x-11y9r270s2_0.png recognized as:  7.png
64x-11y9r90s1_0.png recognized as:  55.png
7x-11y9r240s0_75.png recognized as:  32.png
55x-11y9r30s1_75.png recognized as:  7.png
95x-11y9r210s2_0.png recognized as:  62.png
39x-11y9r210s1_25.png recognized as:  29.png
55x-11y9r0s1_25.png recognized as:  7.png
95x-11y9r60s1_0.png recognized as:  62.png
22x-11y9r0s1_5.png recognized as:  29.png
29x-11y9r90s2_0.png recognized as:  99.png
29x-11y9r150s0_75.png recognized as:  32.png
55x-11y9r210s1_5.png recognized as:  7.png
65x-11y9r300s1_5.png recognized as:  64.png
7x-11y9r240s1_25.png recognized as:  32.png
95x-11y9r300s1_0.png recognized as:  62.png
55x-11y9r90s0_75.png recognized as:  7.png
7x-11y9r30s1_25.png recognized as:  32.png
55x-11y9r150s0_5.png recognized as:  32.png
39x-11y9r330s0_75.png recognized as:  29.png
7x-11y9r30s1_0.png recognized as:  32.png
71x-11y9r120s1_0.png recognized as:  62.png
29x-11y9r330s1_75.png recognized as:  99.png
29x-11y9r330s1_5.png recognized as:  7.png
22x-11y9r330s1_75.png recognized as:  29.png
65x-11y9r210s1_25.png recognized as:  64.png
7x-11y9r210s1_5.png recognized as:  32.png
22x-11y9r90s1_75.png recognized as:  29.png
39x-11y9r180s1_75.png recognized as:  29.png
26x-11y9r300s1_5.png recognized as:  32.png
55x-11y9r180s1_5.png recognized as:  7.png
7x-11y9r60s1_0.png recognized as:  32.png
39x-11y9r30s1_75.png recognized as:  29.png
26x-11y9r300s1_25.png recognized as:  32.png
26x-11y9r150s1_25.png recognized as:  32.png
39x-11y9r210s0_5.png recognized as:  99.png
71x-11y9r150s1_75.png recognized as:  62.png



Salt and pepper noise with density 0.2%
91.52542372881356 % recognized correctly.
Incorrect results: 
26x-11y9r180s0_75.png recognized as:  32.png
95x-11y9r210s2_0.png recognized as:  22.png
95x-11y9r300s1_0.png recognized as:  22.png
26x-11y9r300s1_5.png recognized as:  32.png
26x-11y9r150s1_25.png recognized as:  32.png



Salt and pepper noise with density 0.4%
88.13559322033898 % recognized correctly.
Incorrect results: 
95x-11y9r30s1_25.png recognized as:  22.png
26x-11y9r180s0_75.png recognized as:  32.png
95x-11y9r210s2_0.png recognized as:  29.png
95x-11y9r300s1_0.png recognized as:  22.png
26x-11y9r300s1_5.png recognized as:  32.png
26x-11y9r300s1_25.png recognized as:  32.png
26x-11y9r150s1_25.png recognized as:  32.png



Salt and pepper noise with density 0.6%
84.7457627118644 % recognized correctly.
Incorrect results: 
95x-11y9r30s1_25.png recognized as:  29.png
26x-11y9r180s0_75.png recognized as:  32.png
95x-11y9r210s2_0.png recognized as:  29.png
95x-11y9r60s1_0.png recognized as:  22.png
95x-11y9r300s1_0.png recognized as:  29.png
26x-11y9r300s1_5.png recognized as:  32.png
26x-11y9r300s1_25.png recognized as:  32.png
26x-11y9r150s1_25.png recognized as:  32.png
71x-11y9r150s1_75.png recognized as:  29.png



Salt and pepper noise with density 1%
66.10169491525424 % recognized correctly.
Incorrect results: 
55x-11y9r330s1_25.png recognized as:  64.png
95x-11y9r30s1_25.png recognized as:  29.png
29x-11y9r300s0_5.png recognized as:  71.png
26x-11y9r180s0_75.png recognized as:  32.png
29x-11y9r330s0_5.png recognized as:  71.png
55x-11y9r270s2_0.png recognized as:  64.png
95x-11y9r210s2_0.png recognized as:  29.png
55x-11y9r0s1_25.png recognized as:  64.png
95x-11y9r60s1_0.png recognized as:  29.png
29x-11y9r90s2_0.png recognized as:  71.png
29x-11y9r150s0_75.png recognized as:  71.png
55x-11y9r210s1_5.png recognized as:  64.png
95x-11y9r300s1_0.png recognized as:  29.png
55x-11y9r150s0_5.png recognized as:  64.png
71x-11y9r120s1_0.png recognized as:  29.png
26x-11y9r300s1_5.png recognized as:  32.png
55x-11y9r180s1_5.png recognized as:  64.png
26x-11y9r300s1_25.png recognized as:  32.png
26x-11y9r150s1_25.png recognized as:  32.png
71x-11y9r150s1_75.png recognized as:  29.png



Salt and pepper noise with density 2%
52.54237288135594 % recognized correctly.
Incorrect results: 
55x-11y9r330s1_25.png recognized as:  64.png
95x-11y9r30s1_25.png recognized as:  29.png
29x-11y9r300s0_5.png recognized as:  99.png
26x-11y9r180s0_75.png recognized as:  32.png
29x-11y9r330s0_5.png recognized as:  99.png
29x-11y9r120s1_25.png recognized as:  99.png
55x-11y9r270s2_0.png recognized as:  64.png
55x-11y9r30s1_75.png recognized as:  64.png
95x-11y9r210s2_0.png recognized as:  29.png
39x-11y9r210s1_25.png recognized as:  55.png
55x-11y9r0s1_25.png recognized as:  64.png
95x-11y9r60s1_0.png recognized as:  29.png
29x-11y9r90s2_0.png recognized as:  99.png
29x-11y9r150s0_75.png recognized as:  99.png
55x-11y9r210s1_5.png recognized as:  64.png
7x-11y9r240s1_25.png recognized as:  32.png
95x-11y9r300s1_0.png recognized as:  29.png
55x-11y9r90s0_75.png recognized as:  64.png
55x-11y9r150s0_5.png recognized as:  64.png
71x-11y9r120s1_0.png recognized as:  29.png
29x-11y9r330s1_75.png recognized as:  99.png
29x-11y9r330s1_5.png recognized as:  99.png
26x-11y9r300s1_5.png recognized as:  32.png
55x-11y9r180s1_5.png recognized as:  64.png
26x-11y9r300s1_25.png recognized as:  32.png
26x-11y9r150s1_25.png recognized as:  32.png
39x-11y9r210s0_5.png recognized as:  55.png
71x-11y9r150s1_75.png recognized as:  29.png



Salt and pepper noise with density 3%
37.28813559322034 % recognized correctly.
Incorrect results: 
55x-11y9r330s1_25.png recognized as:  65.png
95x-11y9r30s1_25.png recognized as:  62.png
29x-11y9r300s0_5.png recognized as:  99.png
26x-11y9r180s0_75.png recognized as:  32.png
39x-11y9r180s1_25.png recognized as:  55.png
29x-11y9r330s0_5.png recognized as:  99.png
29x-11y9r120s1_25.png recognized as:  99.png
55x-11y9r270s2_0.png recognized as:  65.png
7x-11y9r240s0_75.png recognized as:  32.png
55x-11y9r30s1_75.png recognized as:  65.png
95x-11y9r210s2_0.png recognized as:  62.png
39x-11y9r210s1_25.png recognized as:  55.png
55x-11y9r0s1_25.png recognized as:  65.png
95x-11y9r60s1_0.png recognized as:  62.png
29x-11y9r90s2_0.png recognized as:  99.png
29x-11y9r150s0_75.png recognized as:  99.png
55x-11y9r210s1_5.png recognized as:  65.png
7x-11y9r240s1_25.png recognized as:  32.png
95x-11y9r300s1_0.png recognized as:  62.png
55x-11y9r90s0_75.png recognized as:  65.png
7x-11y9r30s1_25.png recognized as:  32.png
55x-11y9r150s0_5.png recognized as:  64.png
39x-11y9r330s0_75.png recognized as:  55.png
7x-11y9r30s1_0.png recognized as:  32.png
71x-11y9r120s1_0.png recognized as:  29.png
29x-11y9r330s1_75.png recognized as:  99.png
29x-11y9r330s1_5.png recognized as:  99.png
7x-11y9r210s1_5.png recognized as:  32.png
39x-11y9r180s1_75.png recognized as:  55.png
26x-11y9r300s1_5.png recognized as:  32.png
55x-11y9r180s1_5.png recognized as:  65.png
7x-11y9r60s1_0.png recognized as:  32.png
39x-11y9r30s1_75.png recognized as:  55.png
26x-11y9r300s1_25.png recognized as:  32.png
26x-11y9r150s1_25.png recognized as:  32.png
39x-11y9r210s0_5.png recognized as:  55.png
71x-11y9r150s1_75.png recognized as:  29.png



Salt and pepper noise with density 5%
30.508474576271187 % recognized correctly.
Incorrect results: 
55x-11y9r330s1_25.png recognized as:  65.png
95x-11y9r30s1_25.png recognized as:  62.png
29x-11y9r300s0_5.png recognized as:  99.png
26x-11y9r180s0_75.png recognized as:  32.png
39x-11y9r180s1_25.png recognized as:  71.png
29x-11y9r330s0_5.png recognized as:  99.png
22x-11y9r240s1_25.png recognized as:  29.png
29x-11y9r120s1_25.png recognized as:  99.png
55x-11y9r270s2_0.png recognized as:  7.png
7x-11y9r240s0_75.png recognized as:  32.png
55x-11y9r30s1_75.png recognized as:  65.png
95x-11y9r210s2_0.png recognized as:  62.png
39x-11y9r210s1_25.png recognized as:  71.png
55x-11y9r0s1_25.png recognized as:  65.png
95x-11y9r60s1_0.png recognized as:  62.png
22x-11y9r0s1_5.png recognized as:  29.png
29x-11y9r90s2_0.png recognized as:  99.png
29x-11y9r150s0_75.png recognized as:  99.png
55x-11y9r210s1_5.png recognized as:  7.png
7x-11y9r240s1_25.png recognized as:  32.png
95x-11y9r300s1_0.png recognized as:  62.png
55x-11y9r90s0_75.png recognized as:  65.png
7x-11y9r30s1_25.png recognized as:  32.png
55x-11y9r150s0_5.png recognized as:  7.png
39x-11y9r330s0_75.png recognized as:  71.png
7x-11y9r30s1_0.png recognized as:  32.png
71x-11y9r120s1_0.png recognized as:  29.png
29x-11y9r330s1_75.png recognized as:  99.png
29x-11y9r330s1_5.png recognized as:  99.png
22x-11y9r330s1_75.png recognized as:  29.png
7x-11y9r210s1_5.png recognized as:  32.png
22x-11y9r90s1_75.png recognized as:  29.png
39x-11y9r180s1_75.png recognized as:  71.png
26x-11y9r300s1_5.png recognized as:  32.png
55x-11y9r180s1_5.png recognized as:  7.png
7x-11y9r60s1_0.png recognized as:  32.png
39x-11y9r30s1_75.png recognized as:  71.png
26x-11y9r300s1_25.png recognized as:  32.png
26x-11y9r150s1_25.png recognized as:  32.png
39x-11y9r210s0_5.png recognized as:  71.png
71x-11y9r150s1_75.png recognized as:  62.png



Salt and pepper noise with density 10%
25.423728813559322 % recognized correctly.
Incorrect results: 
55x-11y9r330s1_25.png recognized as:  7.png
95x-11y9r30s1_25.png recognized as:  62.png
29x-11y9r300s0_5.png recognized as:  99.png
26x-11y9r180s0_75.png recognized as:  32.png
39x-11y9r180s1_25.png recognized as:  29.png
29x-11y9r330s0_5.png recognized as:  99.png
22x-11y9r240s1_25.png recognized as:  29.png
22x-11y9r90s1_0.png recognized as:  29.png
29x-11y9r120s1_25.png recognized as:  99.png
64x-11y9r150s0_75.png recognized as:  55.png
64x-11y9r30s1_75.png recognized as:  55.png
55x-11y9r270s2_0.png recognized as:  7.png
7x-11y9r240s0_75.png recognized as:  32.png
55x-11y9r30s1_75.png recognized as:  7.png
95x-11y9r210s2_0.png recognized as:  62.png
39x-11y9r210s1_25.png recognized as:  29.png
55x-11y9r0s1_25.png recognized as:  7.png
95x-11y9r60s1_0.png recognized as:  62.png
22x-11y9r0s1_5.png recognized as:  29.png
29x-11y9r90s2_0.png recognized as:  99.png
29x-11y9r150s0_75.png recognized as:  99.png
55x-11y9r210s1_5.png recognized as:  7.png
7x-11y9r240s1_25.png recognized as:  32.png
95x-11y9r300s1_0.png recognized as:  62.png
55x-11y9r90s0_75.png recognized as:  7.png
7x-11y9r30s1_25.png recognized as:  32.png
55x-11y9r150s0_5.png recognized as:  7.png
39x-11y9r330s0_75.png recognized as:  29.png
7x-11y9r30s1_0.png recognized as:  32.png
71x-11y9r120s1_0.png recognized as:  62.png
29x-11y9r330s1_75.png recognized as:  99.png
29x-11y9r330s1_5.png recognized as:  99.png
22x-11y9r330s1_75.png recognized as:  29.png
7x-11y9r210s1_5.png recognized as:  32.png
22x-11y9r90s1_75.png recognized as:  29.png
39x-11y9r180s1_75.png recognized as:  29.png
26x-11y9r300s1_5.png recognized as:  32.png
55x-11y9r180s1_5.png recognized as:  7.png
7x-11y9r60s1_0.png recognized as:  32.png
39x-11y9r30s1_75.png recognized as:  29.png
26x-11y9r300s1_25.png recognized as:  32.png
26x-11y9r150s1_25.png recognized as:  32.png
39x-11y9r210s0_5.png recognized as:  29.png
71x-11y9r150s1_75.png recognized as:  62.png



Salt and pepper noise with density 15%
20.33898305084746 % recognized correctly.
Incorrect results: 
55x-11y9r330s1_25.png recognized as:  7.png
95x-11y9r30s1_25.png recognized as:  62.png
29x-11y9r300s0_5.png recognized as:  99.png
26x-11y9r180s0_75.png recognized as:  32.png
39x-11y9r180s1_25.png recognized as:  29.png
29x-11y9r330s0_5.png recognized as:  32.png
22x-11y9r240s1_25.png recognized as:  29.png
22x-11y9r90s1_0.png recognized as:  29.png
29x-11y9r120s1_25.png recognized as:  99.png
64x-11y9r30s1_75.png recognized as:  55.png
55x-11y9r270s2_0.png recognized as:  7.png
65x-11y9r30s1_0.png recognized as:  22.png
64x-11y9r90s1_0.png recognized as:  55.png
7x-11y9r240s0_75.png recognized as:  32.png
55x-11y9r30s1_75.png recognized as:  7.png
95x-11y9r210s2_0.png recognized as:  62.png
39x-11y9r210s1_25.png recognized as:  29.png
55x-11y9r0s1_25.png recognized as:  7.png
95x-11y9r60s1_0.png recognized as:  62.png
22x-11y9r0s1_5.png recognized as:  29.png
29x-11y9r90s2_0.png recognized as:  99.png
29x-11y9r150s0_75.png recognized as:  99.png
55x-11y9r210s1_5.png recognized as:  7.png
65x-11y9r300s1_5.png recognized as:  22.png
7x-11y9r240s1_25.png recognized as:  32.png
95x-11y9r300s1_0.png recognized as:  62.png
55x-11y9r90s0_75.png recognized as:  7.png
7x-11y9r30s1_25.png recognized as:  32.png
55x-11y9r150s0_5.png recognized as:  7.png
39x-11y9r330s0_75.png recognized as:  29.png
7x-11y9r30s1_0.png recognized as:  32.png
71x-11y9r120s1_0.png recognized as:  62.png
29x-11y9r330s1_75.png recognized as:  99.png
29x-11y9r330s1_5.png recognized as:  99.png
22x-11y9r330s1_75.png recognized as:  29.png
65x-11y9r210s1_25.png recognized as:  22.png
7x-11y9r210s1_5.png recognized as:  32.png
22x-11y9r90s1_75.png recognized as:  29.png
39x-11y9r180s1_75.png recognized as:  29.png
26x-11y9r300s1_5.png recognized as:  32.png
55x-11y9r180s1_5.png recognized as:  7.png
7x-11y9r60s1_0.png recognized as:  32.png
39x-11y9r30s1_75.png recognized as:  29.png
26x-11y9r300s1_25.png recognized as:  32.png
26x-11y9r150s1_25.png recognized as:  32.png
39x-11y9r210s0_5.png recognized as:  29.png
71x-11y9r150s1_75.png recognized as:  62.png


