QZMIType.NORMAL TestType.CUPS_TRANSFORMED NoiseType.GAUSS

Gaussian noise with std dev 1
40.0 % recognized correctly.
Incorrect results: 
774x8y5r240s1_5.png recognized as:  259.png
157x8y5r300s1_75.png recognized as:  127.png
774x8y5r120s1_25.png recognized as:  259.png
157x8y5r180s1_25.png recognized as:  127.png
774x8y5r150s0_75.png recognized as:  259.png
262x8y5r240s0_75.png recognized as:  125.png
259x8y5r300s2.png recognized as:  125.png
774x8y5r120s0_5.png recognized as:  259.png
36x8y5r120s1_0.png recognized as:  125.png
157x8y5r60s1_0.png recognized as:  127.png
36x8y5r180s0_5.png recognized as:  125.png
308x8y5r120s1_0.png recognized as:  507.png
308x8y5r150s2.png recognized as:  507.png
308x8y5r270s1_0.png recognized as:  507.png
125x8y5r210s1_0.png recognized as:  127.png
157x8y5r60s1_5.png recognized as:  127.png
125x8y5r210s0_75.png recognized as:  127.png
125x8y5r330s2.png recognized as:  127.png
157x8y5r270s1_0.png recognized as:  127.png
259x8y5r30s1_25.png recognized as:  125.png
259x8y5r300s0_5.png recognized as:  125.png
157x8y5r210s2.png recognized as:  127.png
125x8y5r300s1_0.png recognized as:  127.png
127x8y5r300s2.png recognized as:  507.png
774x8y5r240s0_5.png recognized as:  259.png
125x8y5r180s0_75.png recognized as:  127.png
127x8y5r30s1_0.png recognized as:  507.png
259x8y5r300s1_25.png recognized as:  125.png
262x8y5r150s1_5.png recognized as:  125.png
157x8y5r0s1_25.png recognized as:  127.png
125x8y5r120s1_25.png recognized as:  127.png
127x8y5r270s1_5.png recognized as:  507.png
36x8y5r120s0_75.png recognized as:  125.png



Gaussian noise with std dev 2
40.0 % recognized correctly.
Incorrect results: 
774x8y5r240s1_5.png recognized as:  875.png
157x8y5r300s1_75.png recognized as:  875.png
774x8y5r120s1_25.png recognized as:  875.png
157x8y5r180s1_25.png recognized as:  875.png
774x8y5r150s0_75.png recognized as:  875.png
262x8y5r240s0_75.png recognized as:  127.png
259x8y5r300s2.png recognized as:  507.png
774x8y5r120s0_5.png recognized as:  507.png
36x8y5r120s1_0.png recognized as:  127.png
157x8y5r60s1_0.png recognized as:  875.png
36x8y5r180s0_5.png recognized as:  127.png
308x8y5r120s1_0.png recognized as:  507.png
308x8y5r150s2.png recognized as:  507.png
308x8y5r270s1_0.png recognized as:  507.png
125x8y5r210s1_0.png recognized as:  127.png
157x8y5r60s1_5.png recognized as:  875.png
125x8y5r210s0_75.png recognized as:  127.png
125x8y5r330s2.png recognized as:  127.png
157x8y5r270s1_0.png recognized as:  875.png
259x8y5r30s1_25.png recognized as:  507.png
259x8y5r300s0_5.png recognized as:  507.png
157x8y5r210s2.png recognized as:  875.png
125x8y5r300s1_0.png recognized as:  127.png
127x8y5r300s2.png recognized as:  507.png
774x8y5r240s0_5.png recognized as:  875.png
125x8y5r180s0_75.png recognized as:  127.png
127x8y5r30s1_0.png recognized as:  507.png
259x8y5r300s1_25.png recognized as:  507.png
262x8y5r150s1_5.png recognized as:  127.png
157x8y5r0s1_25.png recognized as:  875.png
125x8y5r120s1_25.png recognized as:  127.png
127x8y5r270s1_5.png recognized as:  507.png
36x8y5r120s0_75.png recognized as:  127.png



Gaussian noise with std dev 3
38.18181818181819 % recognized correctly.
Incorrect results: 
774x8y5r240s1_5.png recognized as:  875.png
157x8y5r300s1_75.png recognized as:  875.png
774x8y5r120s1_25.png recognized as:  875.png
157x8y5r180s1_25.png recognized as:  875.png
774x8y5r150s0_75.png recognized as:  875.png
262x8y5r240s0_75.png recognized as:  507.png
259x8y5r300s2.png recognized as:  507.png
774x8y5r120s0_5.png recognized as:  507.png
36x8y5r120s1_0.png recognized as:  127.png
157x8y5r60s1_0.png recognized as:  875.png
36x8y5r180s0_5.png recognized as:  127.png
308x8y5r120s1_0.png recognized as:  507.png
308x8y5r150s2.png recognized as:  507.png
308x8y5r270s1_0.png recognized as:  507.png
125x8y5r210s1_0.png recognized as:  507.png
157x8y5r60s1_5.png recognized as:  875.png
125x8y5r210s0_75.png recognized as:  507.png
125x8y5r330s2.png recognized as:  507.png
157x8y5r270s1_0.png recognized as:  875.png
259x8y5r30s1_25.png recognized as:  507.png
259x8y5r300s0_5.png recognized as:  507.png
875x8y5r150s1_0.png recognized as:  507.png
157x8y5r210s2.png recognized as:  875.png
125x8y5r300s1_0.png recognized as:  875.png
127x8y5r300s2.png recognized as:  507.png
774x8y5r240s0_5.png recognized as:  875.png
125x8y5r180s0_75.png recognized as:  507.png
127x8y5r30s1_0.png recognized as:  507.png
259x8y5r300s1_25.png recognized as:  507.png
262x8y5r150s1_5.png recognized as:  507.png
157x8y5r0s1_25.png recognized as:  875.png
125x8y5r120s1_25.png recognized as:  507.png
127x8y5r270s1_5.png recognized as:  507.png
36x8y5r120s0_75.png recognized as:  127.png



Gaussian noise with std dev 5
27.27272727272727 % recognized correctly.
Incorrect results: 
774x8y5r240s1_5.png recognized as:  875.png
157x8y5r300s1_75.png recognized as:  875.png
774x8y5r120s1_25.png recognized as:  875.png
157x8y5r180s1_25.png recognized as:  875.png
774x8y5r150s0_75.png recognized as:  875.png
514x8y5r180s1_75.png recognized as:  161.png
262x8y5r240s0_75.png recognized as:  507.png
259x8y5r300s2.png recognized as:  507.png
514x8y5r300s1_0.png recognized as:  161.png
774x8y5r120s0_5.png recognized as:  507.png
36x8y5r120s1_0.png recognized as:  507.png
157x8y5r60s1_0.png recognized as:  875.png
514x8y5r330s1_25.png recognized as:  161.png
36x8y5r180s0_5.png recognized as:  507.png
308x8y5r120s1_0.png recognized as:  507.png
308x8y5r150s2.png recognized as:  507.png
308x8y5r270s1_0.png recognized as:  507.png
125x8y5r210s1_0.png recognized as:  507.png
157x8y5r60s1_5.png recognized as:  875.png
514x8y5r330s1_0.png recognized as:  161.png
125x8y5r210s0_75.png recognized as:  507.png
125x8y5r330s2.png recognized as:  507.png
157x8y5r270s1_0.png recognized as:  875.png
259x8y5r30s1_25.png recognized as:  507.png
259x8y5r300s0_5.png recognized as:  507.png
514x8y5r30s0_75.png recognized as:  161.png
157x8y5r210s2.png recognized as:  875.png
125x8y5r300s1_0.png recognized as:  507.png
127x8y5r300s2.png recognized as:  507.png
774x8y5r240s0_5.png recognized as:  875.png
125x8y5r180s0_75.png recognized as:  507.png
127x8y5r30s1_0.png recognized as:  507.png
259x8y5r300s1_25.png recognized as:  507.png
514x8y5r330s0_75.png recognized as:  161.png
262x8y5r150s1_5.png recognized as:  507.png
157x8y5r0s1_25.png recognized as:  875.png
125x8y5r120s1_25.png recognized as:  507.png
514x8y5r180s1_0.png recognized as:  161.png
127x8y5r270s1_5.png recognized as:  507.png
36x8y5r120s0_75.png recognized as:  127.png



Gaussian noise with std dev 7
25.454545454545453 % recognized correctly.
Incorrect results: 
774x8y5r240s1_5.png recognized as:  875.png
157x8y5r300s1_75.png recognized as:  875.png
774x8y5r120s1_25.png recognized as:  875.png
157x8y5r180s1_25.png recognized as:  875.png
774x8y5r150s0_75.png recognized as:  507.png
514x8y5r180s1_75.png recognized as:  161.png
262x8y5r240s0_75.png recognized as:  507.png
259x8y5r300s2.png recognized as:  507.png
514x8y5r300s1_0.png recognized as:  161.png
774x8y5r120s0_5.png recognized as:  875.png
36x8y5r120s1_0.png recognized as:  507.png
157x8y5r60s1_0.png recognized as:  875.png
514x8y5r330s1_25.png recognized as:  161.png
36x8y5r180s0_5.png recognized as:  507.png
308x8y5r120s1_0.png recognized as:  507.png
308x8y5r150s2.png recognized as:  507.png
308x8y5r270s1_0.png recognized as:  507.png
125x8y5r210s1_0.png recognized as:  507.png
157x8y5r60s1_5.png recognized as:  875.png
514x8y5r330s1_0.png recognized as:  161.png
125x8y5r210s0_75.png recognized as:  507.png
125x8y5r330s2.png recognized as:  507.png
157x8y5r270s1_0.png recognized as:  875.png
259x8y5r30s1_25.png recognized as:  507.png
259x8y5r300s0_5.png recognized as:  507.png
514x8y5r30s0_75.png recognized as:  161.png
157x8y5r210s2.png recognized as:  875.png
125x8y5r300s1_0.png recognized as:  507.png
127x8y5r300s2.png recognized as:  507.png
875x8y5r0s0_75.png recognized as:  507.png
774x8y5r240s0_5.png recognized as:  507.png
125x8y5r180s0_75.png recognized as:  507.png
127x8y5r30s1_0.png recognized as:  507.png
259x8y5r300s1_25.png recognized as:  507.png
514x8y5r330s0_75.png recognized as:  161.png
262x8y5r150s1_5.png recognized as:  507.png
157x8y5r0s1_25.png recognized as:  875.png
125x8y5r120s1_25.png recognized as:  507.png
514x8y5r180s1_0.png recognized as:  161.png
127x8y5r270s1_5.png recognized as:  507.png
36x8y5r120s0_75.png recognized as:  875.png



Gaussian noise with std dev 9
21.818181818181817 % recognized correctly.
Incorrect results: 
774x8y5r240s1_5.png recognized as:  875.png
157x8y5r300s1_75.png recognized as:  875.png
774x8y5r120s1_25.png recognized as:  875.png
157x8y5r180s1_25.png recognized as:  875.png
774x8y5r150s0_75.png recognized as:  507.png
514x8y5r180s1_75.png recognized as:  161.png
262x8y5r240s0_75.png recognized as:  507.png
259x8y5r300s2.png recognized as:  507.png
514x8y5r300s1_0.png recognized as:  161.png
774x8y5r120s0_5.png recognized as:  507.png
36x8y5r120s1_0.png recognized as:  507.png
157x8y5r60s1_0.png recognized as:  875.png
514x8y5r330s1_25.png recognized as:  161.png
36x8y5r180s0_5.png recognized as:  507.png
308x8y5r120s1_0.png recognized as:  507.png
308x8y5r150s2.png recognized as:  507.png
308x8y5r270s1_0.png recognized as:  507.png
125x8y5r210s1_0.png recognized as:  507.png
157x8y5r60s1_5.png recognized as:  875.png
514x8y5r330s1_0.png recognized as:  161.png
125x8y5r210s0_75.png recognized as:  507.png
125x8y5r330s2.png recognized as:  507.png
157x8y5r270s1_0.png recognized as:  875.png
259x8y5r30s1_25.png recognized as:  507.png
259x8y5r300s0_5.png recognized as:  507.png
875x8y5r150s1_0.png recognized as:  507.png
514x8y5r30s0_75.png recognized as:  161.png
875x8y5r300s1_5.png recognized as:  507.png
157x8y5r210s2.png recognized as:  875.png
125x8y5r300s1_0.png recognized as:  507.png
127x8y5r300s2.png recognized as:  507.png
875x8y5r0s0_75.png recognized as:  507.png
774x8y5r240s0_5.png recognized as:  875.png
125x8y5r180s0_75.png recognized as:  507.png
127x8y5r30s1_0.png recognized as:  507.png
259x8y5r300s1_25.png recognized as:  507.png
514x8y5r330s0_75.png recognized as:  161.png
262x8y5r150s1_5.png recognized as:  507.png
157x8y5r0s1_25.png recognized as:  875.png
125x8y5r120s1_25.png recognized as:  507.png
514x8y5r180s1_0.png recognized as:  161.png
127x8y5r270s1_5.png recognized as:  507.png
36x8y5r120s0_75.png recognized as:  507.png



Gaussian noise with std dev 40
21.818181818181817 % recognized correctly.
Incorrect results: 
774x8y5r240s1_5.png recognized as:  875.png
157x8y5r300s1_75.png recognized as:  875.png
153x8y5r90s1_75.png recognized as:  161.png
774x8y5r120s1_25.png recognized as:  875.png
157x8y5r180s1_25.png recognized as:  875.png
774x8y5r150s0_75.png recognized as:  875.png
514x8y5r180s1_75.png recognized as:  161.png
262x8y5r240s0_75.png recognized as:  507.png
259x8y5r300s2.png recognized as:  875.png
514x8y5r300s1_0.png recognized as:  161.png
153x8y5r270s0_75.png recognized as:  161.png
774x8y5r120s0_5.png recognized as:  507.png
36x8y5r120s1_0.png recognized as:  507.png
157x8y5r60s1_0.png recognized as:  875.png
514x8y5r330s1_25.png recognized as:  875.png
36x8y5r180s0_5.png recognized as:  507.png
308x8y5r120s1_0.png recognized as:  507.png
308x8y5r150s2.png recognized as:  507.png
308x8y5r270s1_0.png recognized as:  507.png
125x8y5r210s1_0.png recognized as:  507.png
157x8y5r60s1_5.png recognized as:  875.png
514x8y5r330s1_0.png recognized as:  161.png
125x8y5r210s0_75.png recognized as:  507.png
125x8y5r330s2.png recognized as:  507.png
157x8y5r270s1_0.png recognized as:  875.png
259x8y5r30s1_25.png recognized as:  875.png
259x8y5r300s0_5.png recognized as:  507.png
153x8y5r150s2.png recognized as:  161.png
514x8y5r30s0_75.png recognized as:  161.png
157x8y5r210s2.png recognized as:  875.png
125x8y5r300s1_0.png recognized as:  507.png
127x8y5r300s2.png recognized as:  507.png
774x8y5r240s0_5.png recognized as:  875.png
125x8y5r180s0_75.png recognized as:  507.png
127x8y5r30s1_0.png recognized as:  507.png
259x8y5r300s1_25.png recognized as:  507.png
514x8y5r330s0_75.png recognized as:  161.png
262x8y5r150s1_5.png recognized as:  875.png
157x8y5r0s1_25.png recognized as:  875.png
125x8y5r120s1_25.png recognized as:  507.png
514x8y5r180s1_0.png recognized as:  161.png
127x8y5r270s1_5.png recognized as:  507.png
36x8y5r120s0_75.png recognized as:  875.png



Gaussian noise with std dev 50
21.818181818181817 % recognized correctly.
Incorrect results: 
774x8y5r240s1_5.png recognized as:  875.png
157x8y5r300s1_75.png recognized as:  875.png
153x8y5r90s1_75.png recognized as:  161.png
774x8y5r120s1_25.png recognized as:  875.png
157x8y5r180s1_25.png recognized as:  875.png
774x8y5r150s0_75.png recognized as:  875.png
514x8y5r180s1_75.png recognized as:  161.png
262x8y5r240s0_75.png recognized as:  875.png
259x8y5r300s2.png recognized as:  875.png
514x8y5r300s1_0.png recognized as:  161.png
153x8y5r270s0_75.png recognized as:  161.png
774x8y5r120s0_5.png recognized as:  875.png
36x8y5r120s1_0.png recognized as:  507.png
157x8y5r60s1_0.png recognized as:  875.png
514x8y5r330s1_25.png recognized as:  161.png
36x8y5r180s0_5.png recognized as:  875.png
308x8y5r120s1_0.png recognized as:  507.png
308x8y5r150s2.png recognized as:  507.png
308x8y5r270s1_0.png recognized as:  507.png
125x8y5r210s1_0.png recognized as:  507.png
157x8y5r60s1_5.png recognized as:  875.png
514x8y5r330s1_0.png recognized as:  161.png
125x8y5r210s0_75.png recognized as:  507.png
125x8y5r330s2.png recognized as:  507.png
157x8y5r270s1_0.png recognized as:  875.png
259x8y5r30s1_25.png recognized as:  507.png
259x8y5r300s0_5.png recognized as:  507.png
153x8y5r150s2.png recognized as:  161.png
514x8y5r30s0_75.png recognized as:  161.png
157x8y5r210s2.png recognized as:  875.png
125x8y5r300s1_0.png recognized as:  875.png
127x8y5r300s2.png recognized as:  507.png
774x8y5r240s0_5.png recognized as:  875.png
125x8y5r180s0_75.png recognized as:  507.png
127x8y5r30s1_0.png recognized as:  507.png
259x8y5r300s1_25.png recognized as:  875.png
514x8y5r330s0_75.png recognized as:  161.png
262x8y5r150s1_5.png recognized as:  875.png
157x8y5r0s1_25.png recognized as:  875.png
125x8y5r120s1_25.png recognized as:  507.png
514x8y5r180s1_0.png recognized as:  161.png
127x8y5r270s1_5.png recognized as:  507.png
36x8y5r120s0_75.png recognized as:  507.png



Gaussian noise with std dev 60
21.818181818181817 % recognized correctly.
Incorrect results: 
774x8y5r240s1_5.png recognized as:  875.png
157x8y5r300s1_75.png recognized as:  875.png
153x8y5r90s1_75.png recognized as:  161.png
774x8y5r120s1_25.png recognized as:  875.png
157x8y5r180s1_25.png recognized as:  875.png
774x8y5r150s0_75.png recognized as:  875.png
514x8y5r180s1_75.png recognized as:  161.png
262x8y5r240s0_75.png recognized as:  875.png
259x8y5r300s2.png recognized as:  875.png
514x8y5r300s1_0.png recognized as:  161.png
153x8y5r270s0_75.png recognized as:  161.png
774x8y5r120s0_5.png recognized as:  875.png
36x8y5r120s1_0.png recognized as:  507.png
157x8y5r60s1_0.png recognized as:  875.png
514x8y5r330s1_25.png recognized as:  161.png
36x8y5r180s0_5.png recognized as:  507.png
308x8y5r120s1_0.png recognized as:  507.png
308x8y5r150s2.png recognized as:  507.png
308x8y5r270s1_0.png recognized as:  507.png
125x8y5r210s1_0.png recognized as:  507.png
157x8y5r60s1_5.png recognized as:  875.png
514x8y5r330s1_0.png recognized as:  161.png
125x8y5r210s0_75.png recognized as:  507.png
125x8y5r330s2.png recognized as:  507.png
157x8y5r270s1_0.png recognized as:  875.png
259x8y5r30s1_25.png recognized as:  875.png
259x8y5r300s0_5.png recognized as:  875.png
153x8y5r150s2.png recognized as:  161.png
514x8y5r30s0_75.png recognized as:  161.png
157x8y5r210s2.png recognized as:  875.png
125x8y5r300s1_0.png recognized as:  507.png
127x8y5r300s2.png recognized as:  507.png
774x8y5r240s0_5.png recognized as:  507.png
125x8y5r180s0_75.png recognized as:  507.png
127x8y5r30s1_0.png recognized as:  507.png
259x8y5r300s1_25.png recognized as:  875.png
514x8y5r330s0_75.png recognized as:  161.png
262x8y5r150s1_5.png recognized as:  875.png
157x8y5r0s1_25.png recognized as:  875.png
125x8y5r120s1_25.png recognized as:  507.png
514x8y5r180s1_0.png recognized as:  161.png
127x8y5r270s1_5.png recognized as:  507.png
36x8y5r120s0_75.png recognized as:  507.png


QZMIType.NORMAL TestType.CUPS_TRANSFORMED NoiseType.GAUSS_NO_ROUND

Gaussian noise (no rounding) with std dev 1
98.18181818181819 % recognized correctly.
Incorrect results: 
157x8y5r270s1_0.png recognized as:  36.png



Gaussian noise (no rounding) with std dev 2
96.36363636363636 % recognized correctly.
Incorrect results: 
875x8y5r150s1_0.png recognized as:  161.png
875x8y5r300s1_5.png recognized as:  507.png



Gaussian noise (no rounding) with std dev 3
89.0909090909091 % recognized correctly.
Incorrect results: 
125x8y5r210s1_0.png recognized as:  36.png
157x8y5r270s1_0.png recognized as:  125.png
875x8y5r150s1_0.png recognized as:  127.png
875x8y5r300s1_5.png recognized as:  127.png
125x8y5r180s0_75.png recognized as:  36.png
157x8y5r0s1_25.png recognized as:  36.png



Gaussian noise (no rounding) with std dev 5
80.0 % recognized correctly.
Incorrect results: 
157x8y5r300s1_75.png recognized as:  262.png
774x8y5r120s0_5.png recognized as:  259.png
157x8y5r60s1_0.png recognized as:  36.png
157x8y5r60s1_5.png recognized as:  262.png
157x8y5r270s1_0.png recognized as:  36.png
259x8y5r300s0_5.png recognized as:  514.png
875x8y5r150s1_0.png recognized as:  161.png
507x8y5r90s0_75.png recognized as:  127.png
875x8y5r300s1_5.png recognized as:  161.png
875x8y5r0s0_75.png recognized as:  161.png
507x8y5r60s1_5.png recognized as:  875.png



Gaussian noise (no rounding) with std dev 7
56.36363636363636 % recognized correctly.
Incorrect results: 
157x8y5r300s1_75.png recognized as:  36.png
157x8y5r180s1_25.png recognized as:  36.png
875x8y5r30s1_5.png recognized as:  161.png
774x8y5r150s0_75.png recognized as:  259.png
262x8y5r240s0_75.png recognized as:  259.png
507x8y5r210s1_0.png recognized as:  127.png
774x8y5r120s0_5.png recognized as:  259.png
157x8y5r60s1_0.png recognized as:  161.png
308x8y5r120s1_0.png recognized as:  507.png
157x8y5r60s1_5.png recognized as:  262.png
125x8y5r210s0_75.png recognized as:  36.png
259x8y5r30s1_25.png recognized as:  514.png
259x8y5r300s0_5.png recognized as:  262.png
875x8y5r150s1_0.png recognized as:  161.png
507x8y5r300s0_5.png recognized as:  125.png
875x8y5r300s1_5.png recognized as:  161.png
125x8y5r300s1_0.png recognized as:  36.png
875x8y5r0s0_75.png recognized as:  507.png
774x8y5r240s0_5.png recognized as:  259.png
125x8y5r180s0_75.png recognized as:  127.png
259x8y5r300s1_25.png recognized as:  262.png
262x8y5r150s1_5.png recognized as:  157.png
125x8y5r120s1_25.png recognized as:  36.png
36x8y5r120s0_75.png recognized as:  157.png



Gaussian noise (no rounding) with std dev 9
54.54545454545454 % recognized correctly.
Incorrect results: 
507x8y5r180s1_0.png recognized as:  308.png
875x8y5r30s1_5.png recognized as:  161.png
774x8y5r150s0_75.png recognized as:  259.png
259x8y5r300s2.png recognized as:  262.png
507x8y5r210s1_0.png recognized as:  875.png
157x8y5r60s1_0.png recognized as:  262.png
308x8y5r120s1_0.png recognized as:  507.png
125x8y5r210s1_0.png recognized as:  127.png
157x8y5r60s1_5.png recognized as:  127.png
125x8y5r210s0_75.png recognized as:  36.png
125x8y5r330s2.png recognized as:  36.png
157x8y5r270s1_0.png recognized as:  125.png
259x8y5r300s0_5.png recognized as:  774.png
875x8y5r150s1_0.png recognized as:  308.png
507x8y5r300s0_5.png recognized as:  308.png
507x8y5r90s0_75.png recognized as:  875.png
875x8y5r300s1_5.png recognized as:  507.png
125x8y5r300s1_0.png recognized as:  36.png
875x8y5r0s0_75.png recognized as:  507.png
774x8y5r240s0_5.png recognized as:  308.png
125x8y5r180s0_75.png recognized as:  157.png
127x8y5r30s1_0.png recognized as:  125.png
507x8y5r60s1_5.png recognized as:  308.png
262x8y5r150s1_5.png recognized as:  157.png
157x8y5r0s1_25.png recognized as:  259.png



Gaussian noise (no rounding) with std dev 40
29.09090909090909 % recognized correctly.
Incorrect results: 
774x8y5r240s1_5.png recognized as:  514.png
157x8y5r300s1_75.png recognized as:  259.png
507x8y5r180s1_0.png recognized as:  308.png
774x8y5r120s1_25.png recognized as:  259.png
157x8y5r180s1_25.png recognized as:  514.png
875x8y5r30s1_5.png recognized as:  514.png
774x8y5r150s0_75.png recognized as:  161.png
262x8y5r240s0_75.png recognized as:  161.png
259x8y5r300s2.png recognized as:  875.png
514x8y5r300s1_0.png recognized as:  875.png
507x8y5r210s1_0.png recognized as:  259.png
774x8y5r120s0_5.png recognized as:  259.png
36x8y5r120s1_0.png recognized as:  127.png
157x8y5r60s1_0.png recognized as:  514.png
514x8y5r330s1_25.png recognized as:  507.png
36x8y5r180s0_5.png recognized as:  259.png
308x8y5r270s1_0.png recognized as:  514.png
125x8y5r210s1_0.png recognized as:  507.png
157x8y5r60s1_5.png recognized as:  507.png
125x8y5r210s0_75.png recognized as:  259.png
125x8y5r330s2.png recognized as:  127.png
157x8y5r270s1_0.png recognized as:  514.png
259x8y5r30s1_25.png recognized as:  514.png
514x8y5r30s0_75.png recognized as:  774.png
507x8y5r90s0_75.png recognized as:  161.png
875x8y5r300s1_5.png recognized as:  308.png
157x8y5r210s2.png recognized as:  161.png
125x8y5r300s1_0.png recognized as:  161.png
127x8y5r300s2.png recognized as:  125.png
875x8y5r0s0_75.png recognized as:  259.png
774x8y5r240s0_5.png recognized as:  514.png
125x8y5r180s0_75.png recognized as:  262.png
127x8y5r30s1_0.png recognized as:  125.png
507x8y5r30s2.png recognized as:  259.png
507x8y5r60s1_5.png recognized as:  259.png
514x8y5r330s0_75.png recognized as:  161.png
157x8y5r0s1_25.png recognized as:  259.png
127x8y5r270s1_5.png recognized as:  161.png
36x8y5r120s0_75.png recognized as:  161.png



Gaussian noise (no rounding) with std dev 50
21.818181818181817 % recognized correctly.
Incorrect results: 
157x8y5r300s1_75.png recognized as:  161.png
157x8y5r180s1_25.png recognized as:  514.png
875x8y5r30s1_5.png recognized as:  507.png
774x8y5r150s0_75.png recognized as:  308.png
262x8y5r240s0_75.png recognized as:  259.png
514x8y5r300s1_0.png recognized as:  875.png
507x8y5r120s1_25.png recognized as:  161.png
507x8y5r210s1_0.png recognized as:  514.png
153x8y5r270s0_75.png recognized as:  875.png
774x8y5r120s0_5.png recognized as:  308.png
36x8y5r120s1_0.png recognized as:  262.png
157x8y5r60s1_0.png recognized as:  259.png
514x8y5r330s1_25.png recognized as:  875.png
507x8y5r240s1_25.png recognized as:  875.png
36x8y5r180s0_5.png recognized as:  514.png
308x8y5r120s1_0.png recognized as:  259.png
308x8y5r150s2.png recognized as:  507.png
125x8y5r210s1_0.png recognized as:  127.png
157x8y5r60s1_5.png recognized as:  125.png
514x8y5r330s1_0.png recognized as:  774.png
125x8y5r210s0_75.png recognized as:  259.png
125x8y5r330s2.png recognized as:  127.png
157x8y5r270s1_0.png recognized as:  259.png
259x8y5r300s0_5.png recognized as:  774.png
875x8y5r150s1_0.png recognized as:  161.png
507x8y5r300s0_5.png recognized as:  161.png
153x8y5r150s2.png recognized as:  514.png
514x8y5r30s0_75.png recognized as:  259.png
507x8y5r90s0_75.png recognized as:  161.png
875x8y5r300s1_5.png recognized as:  514.png
157x8y5r210s2.png recognized as:  259.png
125x8y5r300s1_0.png recognized as:  161.png
127x8y5r300s2.png recognized as:  161.png
875x8y5r0s0_75.png recognized as:  161.png
774x8y5r240s0_5.png recognized as:  161.png
125x8y5r180s0_75.png recognized as:  262.png
127x8y5r30s1_0.png recognized as:  259.png
259x8y5r300s1_25.png recognized as:  153.png
507x8y5r30s2.png recognized as:  262.png
507x8y5r60s1_5.png recognized as:  262.png
514x8y5r330s0_75.png recognized as:  259.png
262x8y5r150s1_5.png recognized as:  875.png
157x8y5r0s1_25.png recognized as:  262.png



Gaussian noise (no rounding) with std dev 60
21.818181818181817 % recognized correctly.
Incorrect results: 
157x8y5r300s1_75.png recognized as:  507.png
153x8y5r90s1_75.png recognized as:  774.png
774x8y5r120s1_25.png recognized as:  153.png
157x8y5r180s1_25.png recognized as:  514.png
875x8y5r30s1_5.png recognized as:  308.png
774x8y5r150s0_75.png recognized as:  875.png
514x8y5r180s1_75.png recognized as:  161.png
262x8y5r240s0_75.png recognized as:  308.png
259x8y5r300s2.png recognized as:  514.png
514x8y5r300s1_0.png recognized as:  259.png
507x8y5r210s1_0.png recognized as:  161.png
153x8y5r270s0_75.png recognized as:  507.png
36x8y5r120s1_0.png recognized as:  262.png
157x8y5r60s1_0.png recognized as:  308.png
514x8y5r330s1_25.png recognized as:  259.png
507x8y5r240s1_25.png recognized as:  875.png
36x8y5r180s0_5.png recognized as:  514.png
308x8y5r120s1_0.png recognized as:  507.png
125x8y5r210s1_0.png recognized as:  875.png
157x8y5r60s1_5.png recognized as:  514.png
125x8y5r210s0_75.png recognized as:  262.png
125x8y5r330s2.png recognized as:  127.png
157x8y5r270s1_0.png recognized as:  259.png
259x8y5r30s1_25.png recognized as:  161.png
259x8y5r300s0_5.png recognized as:  161.png
875x8y5r150s1_0.png recognized as:  507.png
507x8y5r300s0_5.png recognized as:  259.png
153x8y5r150s2.png recognized as:  774.png
514x8y5r30s0_75.png recognized as:  875.png
875x8y5r300s1_5.png recognized as:  161.png
157x8y5r210s2.png recognized as:  259.png
125x8y5r300s1_0.png recognized as:  161.png
875x8y5r0s0_75.png recognized as:  259.png
774x8y5r240s0_5.png recognized as:  259.png
125x8y5r180s0_75.png recognized as:  262.png
127x8y5r30s1_0.png recognized as:  157.png
259x8y5r300s1_25.png recognized as:  161.png
262x8y5r150s1_5.png recognized as:  127.png
157x8y5r0s1_25.png recognized as:  875.png
125x8y5r120s1_25.png recognized as:  259.png
514x8y5r180s1_0.png recognized as:  507.png
127x8y5r270s1_5.png recognized as:  125.png
36x8y5r120s0_75.png recognized as:  308.png


