
CUPS_TRANSFORMED

Noise-free
100.0 % recognized correctly.



Gaussian noise with std dev 1
93.68131868131869 % recognized correctly.
Incorrect results: 
157x8y5r300s1_75.png recognized as:  36.png
157x8y5r240s2.png recognized as:  36.png
259x8y5r180s1_5.png recognized as:  262.png
157x8y5r150s1_0.png recognized as:  36.png
157x8y5r330s2.png recognized as:  36.png
157x8y5r330s1_75.png recognized as:  36.png
157x8y5r120s1_75.png recognized as:  36.png
157x8y5r240s1_0.png recognized as:  36.png
157x8y5r150s0_75.png recognized as:  36.png
262x8y5r0s0_75.png recognized as:  259.png
157x8y5r300s1_25.png recognized as:  36.png
157x8y5r210s1_0.png recognized as:  36.png
157x8y5r330s1_5.png recognized as:  36.png
157x8y5r180s0_75.png recognized as:  36.png
262x8y5r330s0_75.png recognized as:  259.png
157x8y5r270s0_75.png recognized as:  36.png
262x8y5r330s2.png recognized as:  259.png
157x8y5r150s1_25.png recognized as:  36.png
259x8y5r180s0_5.png recognized as:  262.png
157x8y5r60s1_0.png recognized as:  36.png
157x8y5r240s0_5.png recognized as:  36.png
157x8y5r30s1_0.png recognized as:  36.png
157x8y5r150s2.png recognized as:  36.png
157x8y5r30s1_5.png recognized as:  36.png
157x8y5r120s1_0.png recognized as:  36.png
262x8y5r60s0_75.png recognized as:  259.png
157x8y5r210s0_5.png recognized as:  36.png
157x8y5r60s1_5.png recognized as:  36.png
259x8y5r180s1_0.png recognized as:  262.png
259x8y5r90s0_75.png recognized as:  262.png
262x8y5r330s1_5.png recognized as:  259.png
157x8y5r60s1_75.png recognized as:  36.png
157x8y5r150s0_5.png recognized as:  36.png
157x8y5r240s1_25.png recognized as:  36.png
157x8y5r300s1_5.png recognized as:  36.png
157x8y5r270s1_0.png recognized as:  36.png
157x8y5r150s1_5.png recognized as:  36.png
262x8y5r30s0_5.png recognized as:  259.png
157x8y5r150s1_75.png recognized as:  36.png
157x8y5r120s2.png recognized as:  36.png
157x8y5r330s1_0.png recognized as:  36.png
157x8y5r30s1_75.png recognized as:  36.png
157x8y5r210s1_5.png recognized as:  36.png
157x8y5r210s0_75.png recognized as:  36.png
262x8y5r330s0_5.png recognized as:  259.png
262x8y5r300s0_5.png recognized as:  259.png
259x8y5r180s0_75.png recognized as:  262.png
157x8y5r210s2.png recognized as:  36.png
157x8y5r240s1_5.png recognized as:  36.png
157x8y5r300s0_5.png recognized as:  36.png
262x8y5r60s1_0.png recognized as:  259.png
157x8y5r300s0_75.png recognized as:  36.png
157x8y5r300s1_0.png recognized as:  36.png
157x8y5r30s2.png recognized as:  36.png
157x8y5r60s0_75.png recognized as:  36.png
157x8y5r300s2.png recognized as:  36.png
262x8y5r30s1_0.png recognized as:  259.png
157x8y5r90s0_5.png recognized as:  36.png
157x8y5r330s0_5.png recognized as:  36.png
157x8y5r330s1_25.png recognized as:  36.png
157x8y5r120s0_5.png recognized as:  36.png
157x8y5r210s1_75.png recognized as:  36.png
259x8y5r270s0_75.png recognized as:  262.png
157x8y5r30s0_5.png recognized as:  36.png
157x8y5r120s1_25.png recognized as:  36.png
157x8y5r240s1_75.png recognized as:  36.png
157x8y5r0s0_75.png recognized as:  36.png
157x8y5r120s0_75.png recognized as:  36.png
157x8y5r60s2.png recognized as:  36.png



Gaussian noise with std dev 2
90.75091575091575 % recognized correctly.
Incorrect results: 
262x8y5r180s1_25.png recognized as:  259.png
262x8y5r60s1_75.png recognized as:  259.png
259x8y5r180s1_5.png recognized as:  262.png
259x8y5r180s2.png recognized as:  262.png
262x8y5r0s1_25.png recognized as:  259.png
262x8y5r330s1_75.png recognized as:  259.png
262x8y5r240s1_0.png recognized as:  259.png
259x8y5r330s0_75.png recognized as:  262.png
157x8y5r330s2.png recognized as:  125.png
262x8y5r120s0_5.png recognized as:  259.png
262x8y5r150s2.png recognized as:  259.png
262x8y5r90s2.png recognized as:  259.png
157x8y5r270s1_75.png recognized as:  125.png
262x8y5r300s1_75.png recognized as:  259.png
262x8y5r240s0_75.png recognized as:  259.png
262x8y5r270s1_0.png recognized as:  259.png
262x8y5r120s1_75.png recognized as:  259.png
125x8y5r150s0_75.png recognized as:  157.png
262x8y5r90s0_5.png recognized as:  259.png
262x8y5r60s0_5.png recognized as:  36.png
125x8y5r150s0_5.png recognized as:  157.png
125x8y5r270s0_5.png recognized as:  157.png
125x8y5r60s0_5.png recognized as:  157.png
125x8y5r90s0_75.png recognized as:  157.png
262x8y5r210s1_75.png recognized as:  259.png
262x8y5r180s1_0.png recognized as:  259.png
262x8y5r60s1_5.png recognized as:  259.png
262x8y5r30s1_25.png recognized as:  259.png
259x8y5r120s1_5.png recognized as:  262.png
262x8y5r210s1_0.png recognized as:  259.png
262x8y5r330s0_75.png recognized as:  259.png
262x8y5r90s1_75.png recognized as:  259.png
262x8y5r330s2.png recognized as:  259.png
259x8y5r180s0_5.png recognized as:  262.png
262x8y5r330s1_25.png recognized as:  259.png
262x8y5r120s0_75.png recognized as:  259.png
262x8y5r180s0_75.png recognized as:  259.png
262x8y5r150s1_75.png recognized as:  259.png
125x8y5r120s0_5.png recognized as:  157.png
262x8y5r30s0_75.png recognized as:  259.png
262x8y5r0s1_5.png recognized as:  259.png
262x8y5r300s0_75.png recognized as:  259.png
262x8y5r120s1_0.png recognized as:  259.png
262x8y5r240s2.png recognized as:  259.png
262x8y5r240s1_5.png recognized as:  259.png
262x8y5r30s2.png recognized as:  259.png
262x8y5r330s1_0.png recognized as:  259.png
262x8y5r0s0_5.png recognized as:  259.png
262x8y5r60s0_75.png recognized as:  259.png
259x8y5r90s0_5.png recognized as:  262.png
262x8y5r330s1_5.png recognized as:  259.png
262x8y5r0s1_0.png recognized as:  259.png
262x8y5r30s1_5.png recognized as:  259.png
262x8y5r90s1_0.png recognized as:  259.png
262x8y5r300s1_25.png recognized as:  259.png
262x8y5r270s1_5.png recognized as:  259.png
157x8y5r300s1_5.png recognized as:  125.png
125x8y5r30s0_5.png recognized as:  157.png
262x8y5r300s2.png recognized as:  259.png
262x8y5r300s1_0.png recognized as:  259.png
262x8y5r240s1_75.png recognized as:  259.png
262x8y5r30s0_5.png recognized as:  157.png
259x8y5r0s0_75.png recognized as:  262.png
262x8y5r180s2.png recognized as:  259.png
262x8y5r270s1_75.png recognized as:  259.png
157x8y5r330s1_0.png recognized as:  125.png
262x8y5r120s1_25.png recognized as:  259.png
262x8y5r210s1_5.png recognized as:  259.png
262x8y5r330s0_5.png recognized as:  259.png
262x8y5r300s0_5.png recognized as:  259.png
262x8y5r120s2.png recognized as:  259.png
262x8y5r300s1_5.png recognized as:  259.png
262x8y5r270s2.png recognized as:  259.png
262x8y5r270s0_75.png recognized as:  259.png
262x8y5r60s1_0.png recognized as:  259.png
262x8y5r150s1_0.png recognized as:  259.png
157x8y5r300s0_75.png recognized as:  125.png
262x8y5r240s0_5.png recognized as:  259.png
157x8y5r180s0_5.png recognized as:  125.png
262x8y5r30s1_0.png recognized as:  259.png
262x8y5r0s2.png recognized as:  259.png
259x8y5r270s0_5.png recognized as:  262.png
259x8y5r90s1_25.png recognized as:  262.png
262x8y5r60s1_25.png recognized as:  259.png
262x8y5r150s1_25.png recognized as:  259.png
262x8y5r270s0_5.png recognized as:  259.png
157x8y5r240s0_75.png recognized as:  125.png
259x8y5r240s0_5.png recognized as:  262.png
157x8y5r330s1_25.png recognized as:  125.png
262x8y5r30s1_75.png recognized as:  259.png
262x8y5r150s1_5.png recognized as:  259.png
259x8y5r270s0_75.png recognized as:  262.png
262x8y5r240s1_25.png recognized as:  259.png
262x8y5r210s2.png recognized as:  259.png
157x8y5r30s0_5.png recognized as:  161.png
262x8y5r150s0_75.png recognized as:  259.png
262x8y5r120s1_5.png recognized as:  259.png
259x8y5r90s1_75.png recognized as:  262.png
262x8y5r90s0_75.png recognized as:  259.png
262x8y5r60s2.png recognized as:  259.png
262x8y5r210s1_25.png recognized as:  259.png



Gaussian noise with std dev 3
97.98534798534799 % recognized correctly.
Incorrect results: 
161x8y5r240s0_5.png recognized as:  157.png
774x8y5r150s0_75.png recognized as:  161.png
774x8y5r30s0_5.png recognized as:  161.png
262x8y5r180s0_5.png recognized as:  259.png
125x8y5r150s0_5.png recognized as:  157.png
774x8y5r120s0_5.png recognized as:  161.png
774x8y5r90s0_5.png recognized as:  161.png
774x8y5r300s0_75.png recognized as:  259.png
157x8y5r270s1_0.png recognized as:  125.png
125x8y5r120s0_75.png recognized as:  157.png
259x8y5r0s0_5.png recognized as:  262.png
262x8y5r330s0_5.png recognized as:  36.png
262x8y5r150s0_5.png recognized as:  259.png
157x8y5r300s0_75.png recognized as:  125.png
157x8y5r300s1_0.png recognized as:  125.png
774x8y5r270s0_5.png recognized as:  262.png
774x8y5r240s0_5.png recognized as:  161.png
774x8y5r270s0_75.png recognized as:  36.png
157x8y5r330s0_5.png recognized as:  125.png
157x8y5r240s0_75.png recognized as:  125.png
259x8y5r30s1_0.png recognized as:  262.png
259x8y5r150s0_5.png recognized as:  262.png



Salt and pepper noise with density 0.2%
89.28571428571429 % recognized correctly.
Incorrect results: 
157x8y5r300s1_75.png recognized as:  36.png
259x8y5r30s0_5.png recognized as:  262.png
157x8y5r90s0_75.png recognized as:  36.png
157x8y5r60s1_25.png recognized as:  36.png
262x8y5r60s1_75.png recognized as:  259.png
157x8y5r240s2.png recognized as:  36.png
259x8y5r180s1_5.png recognized as:  262.png
157x8y5r150s1_0.png recognized as:  36.png
259x8y5r240s1_25.png recognized as:  262.png
262x8y5r240s1_0.png recognized as:  259.png
157x8y5r330s2.png recognized as:  36.png
157x8y5r0s1_5.png recognized as:  36.png
262x8y5r120s0_5.png recognized as:  259.png
262x8y5r150s2.png recognized as:  259.png
157x8y5r270s1_75.png recognized as:  36.png
157x8y5r330s1_75.png recognized as:  36.png
36x8y5r150s0_5.png recognized as:  125.png
157x8y5r120s1_75.png recognized as:  36.png
262x8y5r120s1_75.png recognized as:  259.png
157x8y5r240s1_0.png recognized as:  36.png
262x8y5r60s0_5.png recognized as:  259.png
259x8y5r90s2.png recognized as:  262.png
157x8y5r180s1_0.png recognized as:  36.png
157x8y5r90s1_25.png recognized as:  36.png
157x8y5r150s0_75.png recognized as:  36.png
157x8y5r300s1_25.png recognized as:  125.png
157x8y5r210s1_0.png recognized as:  36.png
157x8y5r330s1_5.png recognized as:  36.png
262x8y5r60s1_5.png recognized as:  259.png
157x8y5r180s0_75.png recognized as:  36.png
157x8y5r210s1_25.png recognized as:  262.png
157x8y5r30s1_25.png recognized as:  36.png
262x8y5r30s1_25.png recognized as:  259.png
262x8y5r210s1_0.png recognized as:  259.png
157x8y5r270s0_75.png recognized as:  36.png
262x8y5r330s2.png recognized as:  259.png
157x8y5r150s1_25.png recognized as:  36.png
157x8y5r60s1_0.png recognized as:  36.png
157x8y5r240s0_5.png recognized as:  36.png
157x8y5r30s1_0.png recognized as:  36.png
262x8y5r30s0_75.png recognized as:  259.png
157x8y5r150s2.png recognized as:  36.png
36x8y5r180s0_5.png recognized as:  125.png
157x8y5r330s0_75.png recognized as:  262.png
157x8y5r30s1_5.png recognized as:  36.png
157x8y5r270s1_5.png recognized as:  36.png
262x8y5r240s1_5.png recognized as:  259.png
157x8y5r120s1_0.png recognized as:  36.png
262x8y5r330s1_0.png recognized as:  259.png
262x8y5r60s0_75.png recognized as:  259.png
157x8y5r270s0_5.png recognized as:  36.png
157x8y5r210s0_5.png recognized as:  262.png
157x8y5r60s1_5.png recognized as:  36.png
157x8y5r180s1_75.png recognized as:  36.png
157x8y5r60s1_75.png recognized as:  36.png
157x8y5r120s1_5.png recognized as:  36.png
262x8y5r300s1_25.png recognized as:  259.png
157x8y5r240s1_25.png recognized as:  36.png
157x8y5r300s1_5.png recognized as:  36.png
157x8y5r270s1_0.png recognized as:  36.png
262x8y5r300s2.png recognized as:  259.png
262x8y5r300s1_0.png recognized as:  259.png
774x8y5r150s0_5.png recognized as:  259.png
262x8y5r240s1_75.png recognized as:  259.png
157x8y5r150s1_5.png recognized as:  36.png
157x8y5r0s1_75.png recognized as:  36.png
262x8y5r30s0_5.png recognized as:  259.png
875x8y5r120s1_5.png recognized as:  507.png
875x8y5r150s0_5.png recognized as:  507.png
875x8y5r180s0_5.png recognized as:  507.png
157x8y5r150s1_75.png recognized as:  36.png
157x8y5r120s2.png recognized as:  36.png
157x8y5r330s1_0.png recognized as:  36.png
259x8y5r0s0_5.png recognized as:  262.png
157x8y5r30s1_75.png recognized as:  36.png
157x8y5r210s1_5.png recognized as:  36.png
875x8y5r300s1_25.png recognized as:  507.png
157x8y5r210s0_75.png recognized as:  36.png
262x8y5r330s0_5.png recognized as:  259.png
157x8y5r210s2.png recognized as:  36.png
157x8y5r240s1_5.png recognized as:  36.png
875x8y5r240s1_5.png recognized as:  507.png
157x8y5r90s2.png recognized as:  36.png
262x8y5r300s1_5.png recognized as:  259.png
157x8y5r300s0_5.png recognized as:  36.png
262x8y5r60s1_0.png recognized as:  259.png
157x8y5r300s0_75.png recognized as:  36.png
157x8y5r300s1_0.png recognized as:  36.png
157x8y5r30s2.png recognized as:  36.png
157x8y5r60s0_75.png recognized as:  36.png
262x8y5r240s0_5.png recognized as:  125.png
157x8y5r60s0_5.png recognized as:  36.png
157x8y5r300s2.png recognized as:  36.png
157x8y5r180s0_5.png recognized as:  262.png
157x8y5r180s1_5.png recognized as:  36.png
262x8y5r30s1_0.png recognized as:  259.png
157x8y5r90s0_5.png recognized as:  36.png
157x8y5r30s0_75.png recognized as:  262.png
262x8y5r270s0_5.png recognized as:  259.png
157x8y5r240s0_75.png recognized as:  36.png
157x8y5r330s1_25.png recognized as:  36.png
157x8y5r210s1_75.png recognized as:  36.png
262x8y5r30s1_75.png recognized as:  259.png
875x8y5r300s0_5.png recognized as:  507.png
259x8y5r210s0_75.png recognized as:  262.png
157x8y5r0s1_25.png recognized as:  36.png
157x8y5r30s0_5.png recognized as:  36.png
157x8y5r120s1_25.png recognized as:  36.png
262x8y5r150s0_75.png recognized as:  259.png
157x8y5r270s2.png recognized as:  125.png
157x8y5r0s2.png recognized as:  36.png
262x8y5r90s0_75.png recognized as:  259.png
157x8y5r240s1_75.png recognized as:  36.png
875x8y5r0s0_5.png recognized as:  507.png
157x8y5r0s0_75.png recognized as:  36.png
157x8y5r0s0_5.png recognized as:  36.png
157x8y5r60s2.png recognized as:  36.png



Salt and pepper noise with density 0.4%
92.3992673992674 % recognized correctly.
Incorrect results: 
161x8y5r240s0_5.png recognized as:  157.png
259x8y5r240s0_75.png recognized as:  262.png
259x8y5r180s1_5.png recognized as:  262.png
259x8y5r180s2.png recognized as:  262.png
259x8y5r240s1_25.png recognized as:  262.png
262x8y5r240s1_0.png recognized as:  259.png
262x8y5r120s0_5.png recognized as:  259.png
259x8y5r150s2.png recognized as:  262.png
259x8y5r240s1_75.png recognized as:  262.png
259x8y5r300s2.png recognized as:  262.png
262x8y5r90s0_5.png recognized as:  259.png
875x8y5r210s0_5.png recognized as:  507.png
259x8y5r150s1_0.png recognized as:  262.png
262x8y5r60s0_5.png recognized as:  259.png
259x8y5r90s2.png recognized as:  262.png
157x8y5r150s0_75.png recognized as:  36.png
259x8y5r330s2.png recognized as:  262.png
262x8y5r60s1_5.png recognized as:  259.png
127x8y5r30s0_5.png recognized as:  125.png
259x8y5r150s0_75.png recognized as:  262.png
259x8y5r120s1_5.png recognized as:  262.png
262x8y5r210s1_0.png recognized as:  259.png
774x8y5r90s0_5.png recognized as:  259.png
259x8y5r120s1_0.png recognized as:  262.png
262x8y5r330s0_75.png recognized as:  259.png
262x8y5r330s2.png recognized as:  259.png
127x8y5r330s1_25.png recognized as:  125.png
259x8y5r180s0_5.png recognized as:  262.png
157x8y5r60s1_0.png recognized as:  36.png
262x8y5r330s1_25.png recognized as:  259.png
259x8y5r180s1_25.png recognized as:  262.png
262x8y5r300s0_75.png recognized as:  259.png
259x8y5r210s0_5.png recognized as:  262.png
157x8y5r330s0_75.png recognized as:  36.png
259x8y5r30s0_75.png recognized as:  262.png
259x8y5r150s1_25.png recognized as:  262.png
259x8y5r240s1_0.png recognized as:  262.png
262x8y5r330s1_0.png recognized as:  259.png
262x8y5r60s0_75.png recognized as:  125.png
157x8y5r270s0_5.png recognized as:  125.png
259x8y5r180s1_0.png recognized as:  262.png
259x8y5r120s2.png recognized as:  262.png
259x8y5r60s1_5.png recognized as:  262.png
259x8y5r90s0_75.png recognized as:  262.png
125x8y5r210s0_75.png recognized as:  157.png
259x8y5r0s1_25.png recognized as:  262.png
259x8y5r240s2.png recognized as:  262.png
259x8y5r120s1_75.png recognized as:  262.png
262x8y5r300s1_0.png recognized as:  259.png
259x8y5r120s0_5.png recognized as:  262.png
259x8y5r120s0_75.png recognized as:  262.png
262x8y5r30s0_5.png recognized as:  259.png
259x8y5r180s1_75.png recognized as:  262.png
259x8y5r0s0_75.png recognized as:  262.png
259x8y5r270s1_0.png recognized as:  262.png
259x8y5r60s1_25.png recognized as:  262.png
259x8y5r270s1_25.png recognized as:  262.png
259x8y5r30s1_75.png recognized as:  262.png
259x8y5r0s0_5.png recognized as:  125.png
259x8y5r270s1_75.png recognized as:  262.png
262x8y5r330s0_5.png recognized as:  259.png
262x8y5r300s0_5.png recognized as:  259.png
259x8y5r180s0_75.png recognized as:  262.png
259x8y5r270s1_5.png recognized as:  262.png
259x8y5r120s1_25.png recognized as:  262.png
262x8y5r270s0_75.png recognized as:  259.png
259x8y5r0s2.png recognized as:  262.png
259x8y5r210s1_5.png recognized as:  262.png
259x8y5r210s1_75.png recognized as:  262.png
259x8y5r90s1_25.png recognized as:  262.png
262x8y5r150s1_25.png recognized as:  259.png
259x8y5r240s1_5.png recognized as:  262.png
259x8y5r240s0_5.png recognized as:  262.png
259x8y5r270s2.png recognized as:  262.png
259x8y5r30s1_5.png recognized as:  262.png
157x8y5r120s0_5.png recognized as:  36.png
259x8y5r300s1_5.png recognized as:  262.png
259x8y5r150s0_5.png recognized as:  262.png
259x8y5r90s1_5.png recognized as:  262.png
259x8y5r330s0_5.png recognized as:  262.png
262x8y5r150s0_75.png recognized as:  259.png
259x8y5r90s1_75.png recognized as:  262.png
259x8y5r90s1_0.png recognized as:  262.png



Salt and pepper noise with density 0.6%
89.83516483516483 % recognized correctly.
Incorrect results: 
161x8y5r240s0_5.png recognized as:  157.png
259x8y5r30s0_5.png recognized as:  36.png
262x8y5r60s1_75.png recognized as:  259.png
259x8y5r180s1_5.png recognized as:  262.png
259x8y5r180s2.png recognized as:  262.png
262x8y5r0s1_25.png recognized as:  259.png
259x8y5r240s1_25.png recognized as:  262.png
262x8y5r330s1_75.png recognized as:  259.png
262x8y5r240s1_0.png recognized as:  259.png
259x8y5r330s0_75.png recognized as:  262.png
262x8y5r150s2.png recognized as:  259.png
262x8y5r90s2.png recognized as:  259.png
259x8y5r150s2.png recognized as:  262.png
262x8y5r300s1_75.png recognized as:  259.png
774x8y5r0s0_75.png recognized as:  262.png
262x8y5r240s0_75.png recognized as:  259.png
259x8y5r300s0_75.png recognized as:  262.png
262x8y5r90s0_5.png recognized as:  259.png
262x8y5r60s0_5.png recognized as:  36.png
262x8y5r180s1_75.png recognized as:  259.png
157x8y5r90s1_25.png recognized as:  125.png
125x8y5r180s0_5.png recognized as:  262.png
262x8y5r180s1_0.png recognized as:  259.png
262x8y5r60s1_5.png recognized as:  259.png
262x8y5r30s1_25.png recognized as:  259.png
774x8y5r120s0_5.png recognized as:  514.png
262x8y5r210s1_0.png recognized as:  259.png
262x8y5r330s0_75.png recognized as:  259.png
259x8y5r60s0_5.png recognized as:  774.png
157x8y5r270s0_75.png recognized as:  125.png
262x8y5r330s2.png recognized as:  259.png
262x8y5r210s0_5.png recognized as:  259.png
259x8y5r180s0_5.png recognized as:  262.png
262x8y5r330s1_25.png recognized as:  259.png
262x8y5r120s0_75.png recognized as:  259.png
262x8y5r180s0_75.png recognized as:  259.png
36x8y5r210s0_5.png recognized as:  125.png
262x8y5r150s1_75.png recognized as:  259.png
259x8y5r180s1_25.png recognized as:  262.png
262x8y5r0s1_5.png recognized as:  259.png
262x8y5r300s0_75.png recognized as:  259.png
36x8y5r180s0_5.png recognized as:  125.png
262x8y5r120s1_0.png recognized as:  259.png
774x8y5r240s0_75.png recognized as:  262.png
262x8y5r240s2.png recognized as:  259.png
259x8y5r150s1_25.png recognized as:  262.png
259x8y5r240s1_0.png recognized as:  262.png
36x8y5r180s0_75.png recognized as:  125.png
262x8y5r240s1_5.png recognized as:  259.png
262x8y5r30s2.png recognized as:  259.png
262x8y5r330s1_0.png recognized as:  259.png
262x8y5r60s0_75.png recognized as:  259.png
262x8y5r90s1_5.png recognized as:  259.png
259x8y5r90s0_5.png recognized as:  262.png
262x8y5r180s1_5.png recognized as:  259.png
259x8y5r90s0_75.png recognized as:  262.png
262x8y5r330s1_5.png recognized as:  259.png
259x8y5r0s1_25.png recognized as:  262.png
262x8y5r300s1_25.png recognized as:  259.png
262x8y5r300s2.png recognized as:  259.png
262x8y5r300s1_0.png recognized as:  259.png
259x8y5r0s1_75.png recognized as:  262.png
259x8y5r120s0_5.png recognized as:  774.png
262x8y5r240s1_75.png recognized as:  259.png
262x8y5r30s0_5.png recognized as:  36.png
36x8y5r120s0_5.png recognized as:  125.png
259x8y5r0s0_75.png recognized as:  262.png
259x8y5r210s1_0.png recognized as:  262.png
157x8y5r330s1_0.png recognized as:  125.png
259x8y5r0s0_5.png recognized as:  262.png
259x8y5r270s1_75.png recognized as:  262.png
262x8y5r210s1_5.png recognized as:  259.png
262x8y5r330s0_5.png recognized as:  36.png
259x8y5r180s0_75.png recognized as:  262.png
262x8y5r150s0_5.png recognized as:  259.png
262x8y5r120s2.png recognized as:  259.png
262x8y5r300s1_5.png recognized as:  259.png
262x8y5r270s0_75.png recognized as:  36.png
259x8y5r60s1_0.png recognized as:  262.png
157x8y5r300s0_75.png recognized as:  125.png
262x8y5r240s0_5.png recognized as:  259.png
259x8y5r0s2.png recognized as:  262.png
259x8y5r150s1_75.png recognized as:  262.png
262x8y5r30s1_0.png recognized as:  259.png
259x8y5r270s0_5.png recognized as:  774.png
262x8y5r60s1_25.png recognized as:  259.png
774x8y5r270s0_75.png recognized as:  514.png
262x8y5r150s1_25.png recognized as:  259.png
259x8y5r300s1_25.png recognized as:  262.png
262x8y5r270s0_5.png recognized as:  36.png
774x8y5r210s0_5.png recognized as:  262.png
259x8y5r270s2.png recognized as:  262.png
259x8y5r300s1_75.png recognized as:  262.png
259x8y5r150s0_5.png recognized as:  36.png
262x8y5r30s1_75.png recognized as:  259.png
262x8y5r150s1_5.png recognized as:  36.png
259x8y5r270s0_75.png recognized as:  262.png
774x8y5r60s0_5.png recognized as:  262.png
262x8y5r240s1_25.png recognized as:  259.png
259x8y5r210s0_75.png recognized as:  262.png
262x8y5r210s2.png recognized as:  259.png
259x8y5r330s0_5.png recognized as:  262.png
262x8y5r150s0_75.png recognized as:  259.png
262x8y5r120s1_5.png recognized as:  259.png
259x8y5r330s1_0.png recognized as:  262.png
259x8y5r90s1_75.png recognized as:  262.png
262x8y5r90s0_75.png recognized as:  259.png
262x8y5r210s0_75.png recognized as:  36.png
157x8y5r0s0_5.png recognized as:  161.png
262x8y5r60s2.png recognized as:  259.png
262x8y5r210s1_25.png recognized as:  259.png



COIL_TRANSFORMED

Noise-free
99.14965986394559 % recognized correctly.
Incorrect results: 
95x-11y9r210s0_5.png recognized as:  22.png
95x-11y9r240s2_0.png recognized as:  22.png
95x-11y9r210s1_0.png recognized as:  22.png
32x-11y9r240s0_5.png recognized as:  26.png
26x-11y9r150s0_5.png recognized as:  32.png
95x-11y9r240s1_0.png recognized as:  22.png
95x-11y9r240s1_5.png recognized as:  22.png
95x-11y9r60s0_5.png recognized as:  55.png
26x-11y9r240s0_5.png recognized as:  32.png
95x-11y9r240s0_5.png recognized as:  22.png



Gaussian noise with std dev 5
98.72448979591837 % recognized correctly.
Incorrect results: 
64x-11y9r300s1_5.png recognized as:  55.png
64x-11y9r330s0_5.png recognized as:  55.png
55x-11y9r270s1_0.png recognized as:  64.png
32x-11y9r270s1_0.png recognized as:  7.png
7x-11y9r0s0_75.png recognized as:  32.png
64x-11y9r30s0_75.png recognized as:  55.png
32x-11y9r150s0_5.png recognized as:  7.png
32x-11y9r240s0_5.png recognized as:  7.png
7x-11y9r270s0_5.png recognized as:  32.png
64x-11y9r120s0_75.png recognized as:  55.png
55x-11y9r150s0_5.png recognized as:  64.png
55x-11y9r270s0_5.png recognized as:  64.png
55x-11y9r120s0_75.png recognized as:  64.png
55x-11y9r270s0_75.png recognized as:  64.png
55x-11y9r330s0_5.png recognized as:  64.png



Gaussian noise with std dev 7
95.06802721088435 % recognized correctly.
Incorrect results: 
55x-11y9r330s1_25.png recognized as:  64.png
32x-11y9r210s1_25.png recognized as:  7.png
32x-11y9r300s2_0.png recognized as:  7.png
32x-11y9r330s1_75.png recognized as:  7.png
32x-11y9r150s1_75.png recognized as:  7.png
32x-11y9r180s1_0.png recognized as:  7.png
32x-11y9r300s1_5.png recognized as:  7.png
32x-11y9r150s1_0.png recognized as:  7.png
32x-11y9r90s0_5.png recognized as:  7.png
32x-11y9r210s0_75.png recognized as:  7.png
32x-11y9r0s1_75.png recognized as:  7.png
32x-11y9r330s1_0.png recognized as:  7.png
32x-11y9r300s1_25.png recognized as:  7.png
64x-11y9r330s0_5.png recognized as:  55.png
7x-11y9r240s0_5.png recognized as:  32.png
32x-11y9r60s1_5.png recognized as:  7.png
32x-11y9r330s1_5.png recognized as:  7.png
32x-11y9r120s1_5.png recognized as:  7.png
32x-11y9r150s1_5.png recognized as:  7.png
32x-11y9r60s1_75.png recognized as:  7.png
32x-11y9r90s0_75.png recognized as:  7.png
32x-11y9r0s1_25.png recognized as:  7.png
32x-11y9r270s1_75.png recognized as:  7.png
32x-11y9r180s2_0.png recognized as:  7.png
7x-11y9r180s0_75.png recognized as:  32.png
64x-11y9r300s0_5.png recognized as:  55.png
32x-11y9r210s0_5.png recognized as:  7.png
32x-11y9r150s0_5.png recognized as:  7.png
32x-11y9r210s1_0.png recognized as:  7.png
32x-11y9r240s0_5.png recognized as:  7.png
32x-11y9r180s1_5.png recognized as:  7.png
32x-11y9r330s0_75.png recognized as:  7.png
32x-11y9r120s0_75.png recognized as:  7.png
32x-11y9r210s1_5.png recognized as:  7.png
7x-11y9r150s0_75.png recognized as:  32.png
32x-11y9r90s1_75.png recognized as:  7.png
32x-11y9r240s1_0.png recognized as:  7.png
32x-11y9r270s1_5.png recognized as:  7.png
32x-11y9r0s1_5.png recognized as:  7.png
32x-11y9r270s1_25.png recognized as:  7.png
32x-11y9r30s1_75.png recognized as:  7.png
32x-11y9r270s0_5.png recognized as:  7.png
32x-11y9r240s1_5.png recognized as:  7.png
32x-11y9r300s0_75.png recognized as:  7.png
32x-11y9r150s2_0.png recognized as:  7.png
32x-11y9r30s0_75.png recognized as:  7.png
32x-11y9r180s0_75.png recognized as:  7.png
32x-11y9r120s1_0.png recognized as:  7.png
32x-11y9r270s2_0.png recognized as:  7.png
32x-11y9r330s0_5.png recognized as:  7.png
32x-11y9r210s1_75.png recognized as:  7.png
64x-11y9r240s0_5.png recognized as:  55.png
32x-11y9r270s0_75.png recognized as:  7.png
32x-11y9r0s0_75.png recognized as:  7.png
32x-11y9r120s1_75.png recognized as:  7.png
32x-11y9r300s1_75.png recognized as:  7.png
32x-11y9r180s0_5.png recognized as:  7.png
32x-11y9r240s2_0.png recognized as:  7.png



Gaussian noise with std dev 9
90.1360544217687 % recognized correctly.
Incorrect results: 
7x-11y9r180s2_0.png recognized as:  32.png
7x-11y9r0s1_0.png recognized as:  32.png
7x-11y9r120s1_25.png recognized as:  32.png
55x-11y9r60s1_0.png recognized as:  64.png
7x-11y9r0s1_5.png recognized as:  32.png
64x-11y9r270s1_25.png recognized as:  55.png
7x-11y9r150s1_75.png recognized as:  32.png
64x-11y9r90s0_5.png recognized as:  55.png
7x-11y9r240s1_75.png recognized as:  32.png
55x-11y9r30s1_25.png recognized as:  64.png
64x-11y9r240s1_75.png recognized as:  55.png
55x-11y9r60s1_75.png recognized as:  64.png
7x-11y9r300s0_5.png recognized as:  32.png
7x-11y9r300s2_0.png recognized as:  32.png
7x-11y9r60s1_5.png recognized as:  32.png
7x-11y9r60s1_25.png recognized as:  32.png
32x-11y9r90s0_5.png recognized as:  7.png
7x-11y9r180s0_5.png recognized as:  32.png
55x-11y9r150s1_75.png recognized as:  64.png
64x-11y9r210s0_75.png recognized as:  55.png
7x-11y9r120s0_75.png recognized as:  32.png
55x-11y9r60s2_0.png recognized as:  64.png
7x-11y9r240s0_5.png recognized as:  32.png
64x-11y9r120s1_75.png recognized as:  55.png
7x-11y9r330s1_5.png recognized as:  32.png
7x-11y9r30s1_75.png recognized as:  32.png
64x-11y9r270s1_5.png recognized as:  55.png
7x-11y9r120s2_0.png recognized as:  32.png
7x-11y9r90s1_5.png recognized as:  32.png
55x-11y9r210s2_0.png recognized as:  64.png
7x-11y9r0s0_75.png recognized as:  32.png
7x-11y9r30s2_0.png recognized as:  32.png
7x-11y9r90s0_5.png recognized as:  32.png
7x-11y9r60s0_75.png recognized as:  32.png
64x-11y9r90s1_0.png recognized as:  55.png
32x-11y9r0s0_5.png recognized as:  7.png
32x-11y9r30s0_5.png recognized as:  7.png
7x-11y9r240s0_75.png recognized as:  32.png
7x-11y9r300s1_25.png recognized as:  32.png
55x-11y9r0s0_5.png recognized as:  64.png
55x-11y9r90s1_25.png recognized as:  64.png
55x-11y9r240s1_75.png recognized as:  64.png
7x-11y9r180s0_75.png recognized as:  32.png
22x-11y9r210s0_5.png recognized as:  65.png
64x-11y9r300s0_5.png recognized as:  55.png
64x-11y9r120s0_5.png recognized as:  55.png
55x-11y9r300s0_5.png recognized as:  64.png
64x-11y9r210s0_5.png recognized as:  55.png
7x-11y9r210s0_5.png recognized as:  26.png
7x-11y9r60s1_75.png recognized as:  32.png
64x-11y9r270s0_5.png recognized as:  55.png
7x-11y9r210s2_0.png recognized as:  32.png
64x-11y9r180s1_5.png recognized as:  55.png
55x-11y9r240s1_0.png recognized as:  64.png
7x-11y9r330s1_25.png recognized as:  32.png
7x-11y9r150s1_5.png recognized as:  32.png
7x-11y9r150s0_5.png recognized as:  32.png
55x-11y9r240s1_25.png recognized as:  64.png
7x-11y9r330s2_0.png recognized as:  32.png
7x-11y9r240s1_5.png recognized as:  32.png
7x-11y9r30s1_5.png recognized as:  32.png
7x-11y9r90s1_25.png recognized as:  32.png
55x-11y9r210s0_75.png recognized as:  64.png
7x-11y9r0s2_0.png recognized as:  32.png
7x-11y9r330s0_75.png recognized as:  32.png
7x-11y9r60s2_0.png recognized as:  32.png
64x-11y9r330s1_0.png recognized as:  55.png
7x-11y9r330s0_5.png recognized as:  32.png
64x-11y9r120s1_25.png recognized as:  55.png
55x-11y9r270s1_5.png recognized as:  64.png
7x-11y9r270s2_0.png recognized as:  32.png
55x-11y9r210s1_25.png recognized as:  64.png
55x-11y9r150s0_5.png recognized as:  64.png
7x-11y9r120s0_5.png recognized as:  32.png
7x-11y9r330s1_0.png recognized as:  32.png
7x-11y9r30s1_0.png recognized as:  32.png
64x-11y9r330s1_25.png recognized as:  55.png
7x-11y9r180s1_75.png recognized as:  32.png
7x-11y9r180s1_25.png recognized as:  32.png
55x-11y9r180s1_75.png recognized as:  64.png
7x-11y9r150s1_25.png recognized as:  32.png
7x-11y9r270s1_75.png recognized as:  32.png
7x-11y9r180s1_5.png recognized as:  32.png
7x-11y9r300s1_0.png recognized as:  32.png
55x-11y9r330s1_0.png recognized as:  64.png
55x-11y9r30s1_0.png recognized as:  64.png
7x-11y9r210s1_75.png recognized as:  32.png
64x-11y9r0s2_0.png recognized as:  55.png
7x-11y9r90s1_75.png recognized as:  32.png
22x-11y9r300s0_5.png recognized as:  65.png
7x-11y9r210s0_75.png recognized as:  32.png
7x-11y9r210s1_5.png recognized as:  32.png
7x-11y9r210s1_25.png recognized as:  32.png
7x-11y9r0s1_75.png recognized as:  32.png
55x-11y9r270s0_75.png recognized as:  64.png
7x-11y9r0s1_25.png recognized as:  32.png
64x-11y9r240s0_5.png recognized as:  55.png
64x-11y9r0s0_75.png recognized as:  55.png
7x-11y9r90s1_0.png recognized as:  32.png
7x-11y9r90s0_75.png recognized as:  32.png
7x-11y9r60s0_5.png recognized as:  32.png
7x-11y9r60s1_0.png recognized as:  32.png
55x-11y9r0s1_5.png recognized as:  64.png
64x-11y9r270s0_75.png recognized as:  55.png
55x-11y9r0s0_75.png recognized as:  64.png
7x-11y9r240s2_0.png recognized as:  32.png
64x-11y9r300s0_75.png recognized as:  55.png
7x-11y9r90s2_0.png recognized as:  32.png
7x-11y9r300s1_5.png recognized as:  32.png
7x-11y9r30s0_75.png recognized as:  32.png
7x-11y9r30s0_5.png recognized as:  32.png
64x-11y9r150s1_5.png recognized as:  55.png
64x-11y9r180s2_0.png recognized as:  55.png
7x-11y9r300s1_75.png recognized as:  32.png
7x-11y9r270s1_5.png recognized as:  32.png
7x-11y9r270s1_25.png recognized as:  32.png



Salt and pepper noise with density 1%
99.65986394557824 % recognized correctly.
Incorrect results: 
32x-11y9r150s0_5.png recognized as:  7.png
55x-11y9r240s1_0.png recognized as:  64.png
55x-11y9r210s0_5.png recognized as:  64.png
55x-11y9r240s0_5.png recognized as:  64.png



Salt and pepper noise with density 2%
94.89795918367348 % recognized correctly.
Incorrect results: 
32x-11y9r90s2_0.png recognized as:  7.png
32x-11y9r210s1_25.png recognized as:  7.png
32x-11y9r330s1_75.png recognized as:  7.png
32x-11y9r150s1_75.png recognized as:  7.png
32x-11y9r180s1_0.png recognized as:  7.png
32x-11y9r300s1_5.png recognized as:  7.png
32x-11y9r240s1_75.png recognized as:  7.png
32x-11y9r300s0_5.png recognized as:  7.png
32x-11y9r150s1_0.png recognized as:  7.png
32x-11y9r0s1_0.png recognized as:  7.png
32x-11y9r210s0_75.png recognized as:  7.png
32x-11y9r0s1_75.png recognized as:  7.png
32x-11y9r330s1_0.png recognized as:  7.png
7x-11y9r240s0_5.png recognized as:  32.png
32x-11y9r270s1_0.png recognized as:  7.png
32x-11y9r60s1_5.png recognized as:  7.png
32x-11y9r60s2_0.png recognized as:  7.png
32x-11y9r330s1_5.png recognized as:  7.png
32x-11y9r150s1_5.png recognized as:  7.png
32x-11y9r60s1_75.png recognized as:  7.png
32x-11y9r330s2_0.png recognized as:  7.png
32x-11y9r60s0_5.png recognized as:  7.png
32x-11y9r270s1_75.png recognized as:  7.png
32x-11y9r180s2_0.png recognized as:  7.png
32x-11y9r300s1_0.png recognized as:  7.png
32x-11y9r330s1_25.png recognized as:  7.png
32x-11y9r210s0_5.png recognized as:  7.png
32x-11y9r120s1_25.png recognized as:  7.png
32x-11y9r210s1_0.png recognized as:  7.png
32x-11y9r240s0_5.png recognized as:  7.png
32x-11y9r180s1_5.png recognized as:  7.png
32x-11y9r240s1_25.png recognized as:  7.png
55x-11y9r240s1_0.png recognized as:  64.png
32x-11y9r120s2_0.png recognized as:  7.png
32x-11y9r180s1_75.png recognized as:  7.png
32x-11y9r330s0_75.png recognized as:  7.png
32x-11y9r210s2_0.png recognized as:  7.png
32x-11y9r210s1_5.png recognized as:  7.png
32x-11y9r90s1_75.png recognized as:  7.png
32x-11y9r150s0_75.png recognized as:  7.png
32x-11y9r240s1_0.png recognized as:  7.png
32x-11y9r270s1_5.png recognized as:  7.png
7x-11y9r120s0_5.png recognized as:  32.png
55x-11y9r210s1_0.png recognized as:  64.png
32x-11y9r270s0_5.png recognized as:  7.png
32x-11y9r240s1_5.png recognized as:  7.png
32x-11y9r300s0_75.png recognized as:  7.png
55x-11y9r240s1_5.png recognized as:  64.png
32x-11y9r150s2_0.png recognized as:  7.png
32x-11y9r120s1_0.png recognized as:  7.png
32x-11y9r270s2_0.png recognized as:  7.png
32x-11y9r210s1_75.png recognized as:  7.png
32x-11y9r240s0_75.png recognized as:  7.png
32x-11y9r90s1_5.png recognized as:  7.png
32x-11y9r270s0_75.png recognized as:  7.png
32x-11y9r0s0_75.png recognized as:  7.png
32x-11y9r120s1_75.png recognized as:  7.png
32x-11y9r180s1_25.png recognized as:  7.png
32x-11y9r180s0_5.png recognized as:  7.png
32x-11y9r240s2_0.png recognized as:  7.png



Salt and pepper noise with density 3%
98.63945578231292 % recognized correctly.
Incorrect results: 
64x-11y9r300s1_5.png recognized as:  55.png
32x-11y9r90s0_5.png recognized as:  7.png
64x-11y9r330s0_5.png recognized as:  55.png
64x-11y9r300s2_0.png recognized as:  55.png
32x-11y9r30s0_5.png recognized as:  7.png
64x-11y9r300s0_5.png recognized as:  55.png
64x-11y9r210s0_5.png recognized as:  55.png
64x-11y9r240s1_0.png recognized as:  55.png
64x-11y9r270s0_5.png recognized as:  55.png
64x-11y9r330s1_0.png recognized as:  55.png
64x-11y9r180s0_5.png recognized as:  55.png
64x-11y9r30s0_5.png recognized as:  55.png
64x-11y9r0s1_0.png recognized as:  55.png
64x-11y9r240s0_5.png recognized as:  55.png
64x-11y9r300s1_0.png recognized as:  55.png
7x-11y9r30s0_5.png recognized as:  32.png


