
CUPS_TRANSFORMED

Noise-free
100.0 % recognized correctly.



Gaussian noise with std dev 1
92.72727272727272 % recognized correctly.
Incorrect results: 
157x8y5r300s1_75.png recognized as:  36.png
157x8y5r60s1_0.png recognized as:  36.png
157x8y5r60s1_5.png recognized as:  36.png
157x8y5r210s2.png recognized as:  36.png



Gaussian noise with std dev 2
92.72727272727272 % recognized correctly.
Incorrect results: 
157x8y5r180s1_25.png recognized as:  125.png
259x8y5r300s2.png recognized as:  262.png
259x8y5r300s0_5.png recognized as:  125.png
259x8y5r300s1_25.png recognized as:  262.png



Gaussian noise with std dev 3
92.72727272727272 % recognized correctly.
Incorrect results: 
774x8y5r240s1_5.png recognized as:  259.png
774x8y5r150s0_75.png recognized as:  157.png
157x8y5r270s1_0.png recognized as:  125.png
774x8y5r240s0_5.png recognized as:  161.png



Salt and pepper noise with density 0.2%
87.27272727272727 % recognized correctly.
Incorrect results: 
157x8y5r300s1_75.png recognized as:  36.png
157x8y5r180s1_25.png recognized as:  36.png
157x8y5r60s1_0.png recognized as:  36.png
157x8y5r60s1_5.png recognized as:  36.png
157x8y5r270s1_0.png recognized as:  36.png
157x8y5r210s2.png recognized as:  36.png
157x8y5r0s1_25.png recognized as:  36.png



Salt and pepper noise with density 0.4%
94.54545454545455 % recognized correctly.
Incorrect results: 
157x8y5r300s1_75.png recognized as:  125.png
262x8y5r240s0_75.png recognized as:  259.png
157x8y5r60s1_5.png recognized as:  125.png



Salt and pepper noise with density 0.6%
90.9090909090909 % recognized correctly.
Incorrect results: 
157x8y5r300s1_75.png recognized as:  127.png
774x8y5r120s0_5.png recognized as:  514.png
125x8y5r210s0_75.png recognized as:  157.png
259x8y5r300s0_5.png recognized as:  774.png
259x8y5r300s1_25.png recognized as:  262.png



COIL_TRANSFORMED

Noise-free
100.0 % recognized correctly.



Gaussian noise with std dev 5
98.30508474576271 % recognized correctly.
Incorrect results: 
55x-11y9r180s1_5.png recognized as:  64.png



Gaussian noise with std dev 7
100.0 % recognized correctly.



Gaussian noise with std dev 9
96.61016949152543 % recognized correctly.
Incorrect results: 
7x-11y9r30s1_25.png recognized as:  32.png
7x-11y9r210s1_5.png recognized as:  32.png



Salt and pepper noise with density 1%
100.0 % recognized correctly.



Salt and pepper noise with density 2%
98.30508474576271 % recognized correctly.
Incorrect results: 
55x-11y9r210s1_5.png recognized as:  64.png



Salt and pepper noise with density 3%
100.0 % recognized correctly.


