
Noise-free
100.0 % recognized correctly.



Gaussian noise with std dev 1
40.0 % recognized correctly.
Incorrect results: 
774x8y5r240s1_5.png recognized as:  259.png
157x8y5r300s1_75.png recognized as:  127.png
774x8y5r120s1_25.png recognized as:  514.png
157x8y5r180s1_25.png recognized as:  127.png
774x8y5r150s0_75.png recognized as:  514.png
262x8y5r240s0_75.png recognized as:  125.png
259x8y5r300s2.png recognized as:  125.png
774x8y5r120s0_5.png recognized as:  259.png
36x8y5r120s1_0.png recognized as:  125.png
157x8y5r60s1_0.png recognized as:  127.png
36x8y5r180s0_5.png recognized as:  125.png
308x8y5r120s1_0.png recognized as:  507.png
308x8y5r150s2.png recognized as:  507.png
308x8y5r270s1_0.png recognized as:  507.png
125x8y5r210s1_0.png recognized as:  127.png
157x8y5r60s1_5.png recognized as:  127.png
125x8y5r210s0_75.png recognized as:  127.png
125x8y5r330s2.png recognized as:  127.png
157x8y5r270s1_0.png recognized as:  127.png
259x8y5r30s1_25.png recognized as:  125.png
259x8y5r300s0_5.png recognized as:  36.png
157x8y5r210s2.png recognized as:  127.png
125x8y5r300s1_0.png recognized as:  127.png
127x8y5r300s2.png recognized as:  507.png
774x8y5r240s0_5.png recognized as:  259.png
125x8y5r180s0_75.png recognized as:  127.png
127x8y5r30s1_0.png recognized as:  507.png
259x8y5r300s1_25.png recognized as:  125.png
262x8y5r150s1_5.png recognized as:  125.png
157x8y5r0s1_25.png recognized as:  127.png
125x8y5r120s1_25.png recognized as:  127.png
127x8y5r270s1_5.png recognized as:  507.png
36x8y5r120s0_75.png recognized as:  125.png



Gaussian noise with std dev 2
38.18181818181819 % recognized correctly.
Incorrect results: 
774x8y5r240s1_5.png recognized as:  875.png
157x8y5r300s1_75.png recognized as:  875.png
153x8y5r90s1_75.png recognized as:  161.png
774x8y5r120s1_25.png recognized as:  507.png
157x8y5r180s1_25.png recognized as:  875.png
774x8y5r150s0_75.png recognized as:  875.png
262x8y5r240s0_75.png recognized as:  507.png
259x8y5r300s2.png recognized as:  507.png
774x8y5r120s0_5.png recognized as:  127.png
36x8y5r120s1_0.png recognized as:  127.png
157x8y5r60s1_0.png recognized as:  875.png
36x8y5r180s0_5.png recognized as:  127.png
308x8y5r120s1_0.png recognized as:  507.png
308x8y5r150s2.png recognized as:  507.png
308x8y5r270s1_0.png recognized as:  507.png
125x8y5r210s1_0.png recognized as:  127.png
157x8y5r60s1_5.png recognized as:  875.png
125x8y5r210s0_75.png recognized as:  127.png
125x8y5r330s2.png recognized as:  127.png
157x8y5r270s1_0.png recognized as:  875.png
259x8y5r30s1_25.png recognized as:  507.png
259x8y5r300s0_5.png recognized as:  507.png
157x8y5r210s2.png recognized as:  875.png
125x8y5r300s1_0.png recognized as:  127.png
127x8y5r300s2.png recognized as:  507.png
774x8y5r240s0_5.png recognized as:  875.png
125x8y5r180s0_75.png recognized as:  127.png
127x8y5r30s1_0.png recognized as:  507.png
259x8y5r300s1_25.png recognized as:  507.png
262x8y5r150s1_5.png recognized as:  507.png
157x8y5r0s1_25.png recognized as:  875.png
125x8y5r120s1_25.png recognized as:  127.png
127x8y5r270s1_5.png recognized as:  507.png
36x8y5r120s0_75.png recognized as:  127.png



Gaussian noise with std dev 3
27.27272727272727 % recognized correctly.
Incorrect results: 
774x8y5r240s1_5.png recognized as:  875.png
157x8y5r300s1_75.png recognized as:  875.png
153x8y5r90s1_75.png recognized as:  161.png
774x8y5r120s1_25.png recognized as:  507.png
157x8y5r180s1_25.png recognized as:  875.png
774x8y5r150s0_75.png recognized as:  875.png
262x8y5r240s0_75.png recognized as:  507.png
259x8y5r300s2.png recognized as:  507.png
514x8y5r300s1_0.png recognized as:  161.png
153x8y5r270s0_75.png recognized as:  161.png
774x8y5r120s0_5.png recognized as:  507.png
36x8y5r120s1_0.png recognized as:  127.png
157x8y5r60s1_0.png recognized as:  875.png
514x8y5r330s1_25.png recognized as:  161.png
36x8y5r180s0_5.png recognized as:  127.png
308x8y5r120s1_0.png recognized as:  507.png
308x8y5r150s2.png recognized as:  507.png
308x8y5r270s1_0.png recognized as:  507.png
125x8y5r210s1_0.png recognized as:  875.png
157x8y5r60s1_5.png recognized as:  875.png
125x8y5r210s0_75.png recognized as:  875.png
125x8y5r330s2.png recognized as:  875.png
157x8y5r270s1_0.png recognized as:  875.png
259x8y5r30s1_25.png recognized as:  507.png
259x8y5r300s0_5.png recognized as:  507.png
153x8y5r150s2.png recognized as:  161.png
514x8y5r30s0_75.png recognized as:  161.png
157x8y5r210s2.png recognized as:  875.png
125x8y5r300s1_0.png recognized as:  507.png
127x8y5r300s2.png recognized as:  507.png
774x8y5r240s0_5.png recognized as:  875.png
125x8y5r180s0_75.png recognized as:  875.png
127x8y5r30s1_0.png recognized as:  507.png
259x8y5r300s1_25.png recognized as:  507.png
262x8y5r150s1_5.png recognized as:  507.png
157x8y5r0s1_25.png recognized as:  875.png
125x8y5r120s1_25.png recognized as:  507.png
514x8y5r180s1_0.png recognized as:  161.png
127x8y5r270s1_5.png recognized as:  507.png
36x8y5r120s0_75.png recognized as:  127.png



Gaussian noise with std dev 5
16.363636363636363 % recognized correctly.
Incorrect results: 
774x8y5r240s1_5.png recognized as:  507.png
157x8y5r300s1_75.png recognized as:  875.png
153x8y5r90s1_75.png recognized as:  161.png
774x8y5r120s1_25.png recognized as:  875.png
157x8y5r180s1_25.png recognized as:  875.png
875x8y5r30s1_5.png recognized as:  507.png
774x8y5r150s0_75.png recognized as:  875.png
514x8y5r180s1_75.png recognized as:  161.png
262x8y5r240s0_75.png recognized as:  507.png
259x8y5r300s2.png recognized as:  507.png
514x8y5r300s1_0.png recognized as:  161.png
153x8y5r270s0_75.png recognized as:  161.png
774x8y5r120s0_5.png recognized as:  507.png
36x8y5r120s1_0.png recognized as:  507.png
157x8y5r60s1_0.png recognized as:  875.png
514x8y5r330s1_25.png recognized as:  161.png
36x8y5r180s0_5.png recognized as:  507.png
308x8y5r120s1_0.png recognized as:  507.png
308x8y5r150s2.png recognized as:  507.png
308x8y5r270s1_0.png recognized as:  507.png
125x8y5r210s1_0.png recognized as:  507.png
157x8y5r60s1_5.png recognized as:  875.png
514x8y5r330s1_0.png recognized as:  161.png
125x8y5r210s0_75.png recognized as:  507.png
125x8y5r330s2.png recognized as:  875.png
157x8y5r270s1_0.png recognized as:  875.png
259x8y5r30s1_25.png recognized as:  507.png
259x8y5r300s0_5.png recognized as:  507.png
875x8y5r150s1_0.png recognized as:  507.png
153x8y5r150s2.png recognized as:  161.png
514x8y5r30s0_75.png recognized as:  161.png
875x8y5r300s1_5.png recognized as:  507.png
157x8y5r210s2.png recognized as:  875.png
125x8y5r300s1_0.png recognized as:  507.png
127x8y5r300s2.png recognized as:  507.png
774x8y5r240s0_5.png recognized as:  507.png
125x8y5r180s0_75.png recognized as:  507.png
127x8y5r30s1_0.png recognized as:  507.png
259x8y5r300s1_25.png recognized as:  507.png
514x8y5r330s0_75.png recognized as:  161.png
262x8y5r150s1_5.png recognized as:  507.png
157x8y5r0s1_25.png recognized as:  875.png
125x8y5r120s1_25.png recognized as:  875.png
514x8y5r180s1_0.png recognized as:  161.png
127x8y5r270s1_5.png recognized as:  507.png
36x8y5r120s0_75.png recognized as:  507.png



Gaussian noise with std dev 7
14.545454545454545 % recognized correctly.
Incorrect results: 
774x8y5r240s1_5.png recognized as:  875.png
157x8y5r300s1_75.png recognized as:  875.png
153x8y5r90s1_75.png recognized as:  161.png
774x8y5r120s1_25.png recognized as:  507.png
157x8y5r180s1_25.png recognized as:  875.png
875x8y5r30s1_5.png recognized as:  507.png
774x8y5r150s0_75.png recognized as:  507.png
514x8y5r180s1_75.png recognized as:  161.png
262x8y5r240s0_75.png recognized as:  507.png
259x8y5r300s2.png recognized as:  507.png
514x8y5r300s1_0.png recognized as:  161.png
153x8y5r270s0_75.png recognized as:  161.png
774x8y5r120s0_5.png recognized as:  161.png
36x8y5r120s1_0.png recognized as:  507.png
157x8y5r60s1_0.png recognized as:  875.png
514x8y5r330s1_25.png recognized as:  161.png
36x8y5r180s0_5.png recognized as:  507.png
308x8y5r120s1_0.png recognized as:  507.png
308x8y5r150s2.png recognized as:  507.png
308x8y5r270s1_0.png recognized as:  507.png
125x8y5r210s1_0.png recognized as:  507.png
157x8y5r60s1_5.png recognized as:  875.png
514x8y5r330s1_0.png recognized as:  161.png
125x8y5r210s0_75.png recognized as:  507.png
125x8y5r330s2.png recognized as:  507.png
157x8y5r270s1_0.png recognized as:  875.png
259x8y5r30s1_25.png recognized as:  507.png
259x8y5r300s0_5.png recognized as:  507.png
875x8y5r150s1_0.png recognized as:  507.png
153x8y5r150s2.png recognized as:  161.png
514x8y5r30s0_75.png recognized as:  161.png
875x8y5r300s1_5.png recognized as:  507.png
157x8y5r210s2.png recognized as:  875.png
125x8y5r300s1_0.png recognized as:  507.png
127x8y5r300s2.png recognized as:  507.png
875x8y5r0s0_75.png recognized as:  507.png
774x8y5r240s0_5.png recognized as:  875.png
125x8y5r180s0_75.png recognized as:  507.png
127x8y5r30s1_0.png recognized as:  507.png
259x8y5r300s1_25.png recognized as:  507.png
514x8y5r330s0_75.png recognized as:  161.png
262x8y5r150s1_5.png recognized as:  507.png
157x8y5r0s1_25.png recognized as:  875.png
125x8y5r120s1_25.png recognized as:  507.png
514x8y5r180s1_0.png recognized as:  161.png
127x8y5r270s1_5.png recognized as:  507.png
36x8y5r120s0_75.png recognized as:  507.png



Gaussian noise with std dev 9
14.545454545454545 % recognized correctly.
Incorrect results: 
774x8y5r240s1_5.png recognized as:  875.png
157x8y5r300s1_75.png recognized as:  875.png
153x8y5r90s1_75.png recognized as:  161.png
774x8y5r120s1_25.png recognized as:  507.png
157x8y5r180s1_25.png recognized as:  875.png
875x8y5r30s1_5.png recognized as:  507.png
774x8y5r150s0_75.png recognized as:  875.png
514x8y5r180s1_75.png recognized as:  161.png
262x8y5r240s0_75.png recognized as:  507.png
259x8y5r300s2.png recognized as:  507.png
514x8y5r300s1_0.png recognized as:  161.png
153x8y5r270s0_75.png recognized as:  161.png
774x8y5r120s0_5.png recognized as:  875.png
36x8y5r120s1_0.png recognized as:  507.png
157x8y5r60s1_0.png recognized as:  875.png
514x8y5r330s1_25.png recognized as:  161.png
36x8y5r180s0_5.png recognized as:  507.png
308x8y5r120s1_0.png recognized as:  507.png
308x8y5r150s2.png recognized as:  507.png
308x8y5r270s1_0.png recognized as:  507.png
125x8y5r210s1_0.png recognized as:  507.png
157x8y5r60s1_5.png recognized as:  875.png
514x8y5r330s1_0.png recognized as:  161.png
125x8y5r210s0_75.png recognized as:  507.png
125x8y5r330s2.png recognized as:  507.png
157x8y5r270s1_0.png recognized as:  875.png
259x8y5r30s1_25.png recognized as:  507.png
259x8y5r300s0_5.png recognized as:  507.png
875x8y5r150s1_0.png recognized as:  507.png
153x8y5r150s2.png recognized as:  161.png
514x8y5r30s0_75.png recognized as:  161.png
875x8y5r300s1_5.png recognized as:  507.png
157x8y5r210s2.png recognized as:  875.png
125x8y5r300s1_0.png recognized as:  507.png
127x8y5r300s2.png recognized as:  507.png
875x8y5r0s0_75.png recognized as:  507.png
774x8y5r240s0_5.png recognized as:  875.png
125x8y5r180s0_75.png recognized as:  507.png
127x8y5r30s1_0.png recognized as:  507.png
259x8y5r300s1_25.png recognized as:  507.png
514x8y5r330s0_75.png recognized as:  161.png
262x8y5r150s1_5.png recognized as:  507.png
157x8y5r0s1_25.png recognized as:  875.png
125x8y5r120s1_25.png recognized as:  507.png
514x8y5r180s1_0.png recognized as:  161.png
127x8y5r270s1_5.png recognized as:  507.png
36x8y5r120s0_75.png recognized as:  507.png



Gaussian noise with std dev 20
14.545454545454545 % recognized correctly.
Incorrect results: 
774x8y5r240s1_5.png recognized as:  875.png
157x8y5r300s1_75.png recognized as:  875.png
153x8y5r90s1_75.png recognized as:  161.png
774x8y5r120s1_25.png recognized as:  875.png
157x8y5r180s1_25.png recognized as:  875.png
875x8y5r30s1_5.png recognized as:  507.png
774x8y5r150s0_75.png recognized as:  875.png
514x8y5r180s1_75.png recognized as:  161.png
262x8y5r240s0_75.png recognized as:  507.png
259x8y5r300s2.png recognized as:  507.png
514x8y5r300s1_0.png recognized as:  161.png
153x8y5r270s0_75.png recognized as:  161.png
774x8y5r120s0_5.png recognized as:  875.png
36x8y5r120s1_0.png recognized as:  507.png
157x8y5r60s1_0.png recognized as:  875.png
514x8y5r330s1_25.png recognized as:  161.png
36x8y5r180s0_5.png recognized as:  507.png
308x8y5r120s1_0.png recognized as:  507.png
308x8y5r150s2.png recognized as:  507.png
308x8y5r270s1_0.png recognized as:  507.png
125x8y5r210s1_0.png recognized as:  507.png
157x8y5r60s1_5.png recognized as:  875.png
514x8y5r330s1_0.png recognized as:  161.png
125x8y5r210s0_75.png recognized as:  507.png
125x8y5r330s2.png recognized as:  507.png
157x8y5r270s1_0.png recognized as:  507.png
259x8y5r30s1_25.png recognized as:  507.png
259x8y5r300s0_5.png recognized as:  507.png
875x8y5r150s1_0.png recognized as:  507.png
153x8y5r150s2.png recognized as:  161.png
514x8y5r30s0_75.png recognized as:  161.png
875x8y5r300s1_5.png recognized as:  507.png
157x8y5r210s2.png recognized as:  875.png
125x8y5r300s1_0.png recognized as:  507.png
127x8y5r300s2.png recognized as:  507.png
875x8y5r0s0_75.png recognized as:  507.png
774x8y5r240s0_5.png recognized as:  507.png
125x8y5r180s0_75.png recognized as:  507.png
127x8y5r30s1_0.png recognized as:  507.png
259x8y5r300s1_25.png recognized as:  507.png
514x8y5r330s0_75.png recognized as:  161.png
262x8y5r150s1_5.png recognized as:  507.png
157x8y5r0s1_25.png recognized as:  875.png
125x8y5r120s1_25.png recognized as:  507.png
514x8y5r180s1_0.png recognized as:  161.png
127x8y5r270s1_5.png recognized as:  507.png
36x8y5r120s0_75.png recognized as:  507.png



Gaussian noise with std dev 40
21.818181818181817 % recognized correctly.
Incorrect results: 
774x8y5r240s1_5.png recognized as:  875.png
157x8y5r300s1_75.png recognized as:  875.png
153x8y5r90s1_75.png recognized as:  161.png
774x8y5r120s1_25.png recognized as:  875.png
157x8y5r180s1_25.png recognized as:  875.png
774x8y5r150s0_75.png recognized as:  507.png
514x8y5r180s1_75.png recognized as:  161.png
262x8y5r240s0_75.png recognized as:  507.png
259x8y5r300s2.png recognized as:  507.png
514x8y5r300s1_0.png recognized as:  161.png
153x8y5r270s0_75.png recognized as:  161.png
774x8y5r120s0_5.png recognized as:  507.png
36x8y5r120s1_0.png recognized as:  507.png
157x8y5r60s1_0.png recognized as:  875.png
514x8y5r330s1_25.png recognized as:  161.png
36x8y5r180s0_5.png recognized as:  875.png
308x8y5r120s1_0.png recognized as:  507.png
308x8y5r150s2.png recognized as:  507.png
308x8y5r270s1_0.png recognized as:  507.png
125x8y5r210s1_0.png recognized as:  507.png
157x8y5r60s1_5.png recognized as:  875.png
514x8y5r330s1_0.png recognized as:  161.png
125x8y5r210s0_75.png recognized as:  507.png
125x8y5r330s2.png recognized as:  507.png
157x8y5r270s1_0.png recognized as:  875.png
259x8y5r30s1_25.png recognized as:  875.png
259x8y5r300s0_5.png recognized as:  507.png
153x8y5r150s2.png recognized as:  161.png
514x8y5r30s0_75.png recognized as:  161.png
157x8y5r210s2.png recognized as:  875.png
125x8y5r300s1_0.png recognized as:  507.png
127x8y5r300s2.png recognized as:  507.png
774x8y5r240s0_5.png recognized as:  875.png
125x8y5r180s0_75.png recognized as:  507.png
127x8y5r30s1_0.png recognized as:  507.png
259x8y5r300s1_25.png recognized as:  507.png
514x8y5r330s0_75.png recognized as:  161.png
262x8y5r150s1_5.png recognized as:  507.png
157x8y5r0s1_25.png recognized as:  875.png
125x8y5r120s1_25.png recognized as:  507.png
514x8y5r180s1_0.png recognized as:  161.png
127x8y5r270s1_5.png recognized as:  507.png
36x8y5r120s0_75.png recognized as:  507.png



Gaussian noise with std dev 50
21.818181818181817 % recognized correctly.
Incorrect results: 
774x8y5r240s1_5.png recognized as:  875.png
157x8y5r300s1_75.png recognized as:  875.png
153x8y5r90s1_75.png recognized as:  161.png
774x8y5r120s1_25.png recognized as:  875.png
157x8y5r180s1_25.png recognized as:  875.png
774x8y5r150s0_75.png recognized as:  875.png
514x8y5r180s1_75.png recognized as:  161.png
262x8y5r240s0_75.png recognized as:  507.png
259x8y5r300s2.png recognized as:  507.png
514x8y5r300s1_0.png recognized as:  161.png
153x8y5r270s0_75.png recognized as:  161.png
774x8y5r120s0_5.png recognized as:  875.png
36x8y5r120s1_0.png recognized as:  507.png
157x8y5r60s1_0.png recognized as:  875.png
514x8y5r330s1_25.png recognized as:  161.png
36x8y5r180s0_5.png recognized as:  875.png
308x8y5r120s1_0.png recognized as:  507.png
308x8y5r150s2.png recognized as:  507.png
308x8y5r270s1_0.png recognized as:  507.png
125x8y5r210s1_0.png recognized as:  507.png
157x8y5r60s1_5.png recognized as:  875.png
514x8y5r330s1_0.png recognized as:  161.png
125x8y5r210s0_75.png recognized as:  507.png
125x8y5r330s2.png recognized as:  507.png
157x8y5r270s1_0.png recognized as:  875.png
259x8y5r30s1_25.png recognized as:  507.png
259x8y5r300s0_5.png recognized as:  875.png
153x8y5r150s2.png recognized as:  161.png
514x8y5r30s0_75.png recognized as:  875.png
157x8y5r210s2.png recognized as:  875.png
125x8y5r300s1_0.png recognized as:  507.png
127x8y5r300s2.png recognized as:  507.png
774x8y5r240s0_5.png recognized as:  875.png
125x8y5r180s0_75.png recognized as:  875.png
127x8y5r30s1_0.png recognized as:  507.png
259x8y5r300s1_25.png recognized as:  507.png
514x8y5r330s0_75.png recognized as:  161.png
262x8y5r150s1_5.png recognized as:  507.png
157x8y5r0s1_25.png recognized as:  875.png
125x8y5r120s1_25.png recognized as:  507.png
514x8y5r180s1_0.png recognized as:  161.png
127x8y5r270s1_5.png recognized as:  507.png
36x8y5r120s0_75.png recognized as:  875.png



Gaussian noise with std dev 60
21.818181818181817 % recognized correctly.
Incorrect results: 
774x8y5r240s1_5.png recognized as:  875.png
157x8y5r300s1_75.png recognized as:  875.png
153x8y5r90s1_75.png recognized as:  161.png
774x8y5r120s1_25.png recognized as:  875.png
157x8y5r180s1_25.png recognized as:  875.png
774x8y5r150s0_75.png recognized as:  875.png
514x8y5r180s1_75.png recognized as:  161.png
262x8y5r240s0_75.png recognized as:  875.png
259x8y5r300s2.png recognized as:  507.png
514x8y5r300s1_0.png recognized as:  161.png
153x8y5r270s0_75.png recognized as:  161.png
774x8y5r120s0_5.png recognized as:  875.png
36x8y5r120s1_0.png recognized as:  507.png
157x8y5r60s1_0.png recognized as:  875.png
514x8y5r330s1_25.png recognized as:  161.png
36x8y5r180s0_5.png recognized as:  875.png
308x8y5r120s1_0.png recognized as:  507.png
308x8y5r150s2.png recognized as:  507.png
308x8y5r270s1_0.png recognized as:  507.png
125x8y5r210s1_0.png recognized as:  507.png
157x8y5r60s1_5.png recognized as:  875.png
514x8y5r330s1_0.png recognized as:  161.png
125x8y5r210s0_75.png recognized as:  507.png
125x8y5r330s2.png recognized as:  507.png
157x8y5r270s1_0.png recognized as:  875.png
259x8y5r30s1_25.png recognized as:  507.png
259x8y5r300s0_5.png recognized as:  875.png
153x8y5r150s2.png recognized as:  161.png
514x8y5r30s0_75.png recognized as:  161.png
157x8y5r210s2.png recognized as:  875.png
125x8y5r300s1_0.png recognized as:  875.png
127x8y5r300s2.png recognized as:  507.png
774x8y5r240s0_5.png recognized as:  875.png
125x8y5r180s0_75.png recognized as:  875.png
127x8y5r30s1_0.png recognized as:  507.png
259x8y5r300s1_25.png recognized as:  507.png
514x8y5r330s0_75.png recognized as:  161.png
262x8y5r150s1_5.png recognized as:  507.png
157x8y5r0s1_25.png recognized as:  875.png
125x8y5r120s1_25.png recognized as:  507.png
514x8y5r180s1_0.png recognized as:  875.png
127x8y5r270s1_5.png recognized as:  507.png
36x8y5r120s0_75.png recognized as:  507.png



Salt and pepper noise with density 0.2%
56.36363636363636 % recognized correctly.
Incorrect results: 
157x8y5r300s1_75.png recognized as:  125.png
157x8y5r180s1_25.png recognized as:  127.png
262x8y5r240s0_75.png recognized as:  36.png
259x8y5r300s2.png recognized as:  36.png
157x8y5r60s1_0.png recognized as:  125.png
36x8y5r180s0_5.png recognized as:  125.png
308x8y5r120s1_0.png recognized as:  507.png
308x8y5r150s2.png recognized as:  507.png
308x8y5r270s1_0.png recognized as:  507.png
125x8y5r210s1_0.png recognized as:  127.png
157x8y5r60s1_5.png recognized as:  127.png
125x8y5r210s0_75.png recognized as:  127.png
125x8y5r330s2.png recognized as:  127.png
157x8y5r270s1_0.png recognized as:  127.png
259x8y5r30s1_25.png recognized as:  36.png
259x8y5r300s0_5.png recognized as:  262.png
157x8y5r210s2.png recognized as:  125.png
125x8y5r300s1_0.png recognized as:  127.png
125x8y5r180s0_75.png recognized as:  127.png
259x8y5r300s1_25.png recognized as:  36.png
262x8y5r150s1_5.png recognized as:  36.png
157x8y5r0s1_25.png recognized as:  127.png
125x8y5r120s1_25.png recognized as:  127.png
36x8y5r120s0_75.png recognized as:  125.png



Salt and pepper noise with density 0.4%
40.0 % recognized correctly.
Incorrect results: 
774x8y5r240s1_5.png recognized as:  262.png
157x8y5r300s1_75.png recognized as:  127.png
774x8y5r120s1_25.png recognized as:  262.png
157x8y5r180s1_25.png recognized as:  127.png
774x8y5r150s0_75.png recognized as:  875.png
262x8y5r240s0_75.png recognized as:  125.png
259x8y5r300s2.png recognized as:  125.png
774x8y5r120s0_5.png recognized as:  127.png
36x8y5r120s1_0.png recognized as:  125.png
157x8y5r60s1_0.png recognized as:  127.png
36x8y5r180s0_5.png recognized as:  127.png
308x8y5r120s1_0.png recognized as:  507.png
308x8y5r150s2.png recognized as:  507.png
308x8y5r270s1_0.png recognized as:  507.png
125x8y5r210s1_0.png recognized as:  127.png
157x8y5r60s1_5.png recognized as:  127.png
125x8y5r210s0_75.png recognized as:  127.png
125x8y5r330s2.png recognized as:  127.png
157x8y5r270s1_0.png recognized as:  127.png
259x8y5r30s1_25.png recognized as:  125.png
259x8y5r300s0_5.png recognized as:  127.png
157x8y5r210s2.png recognized as:  127.png
125x8y5r300s1_0.png recognized as:  127.png
127x8y5r300s2.png recognized as:  507.png
774x8y5r240s0_5.png recognized as:  125.png
125x8y5r180s0_75.png recognized as:  127.png
127x8y5r30s1_0.png recognized as:  507.png
259x8y5r300s1_25.png recognized as:  127.png
262x8y5r150s1_5.png recognized as:  127.png
157x8y5r0s1_25.png recognized as:  127.png
125x8y5r120s1_25.png recognized as:  127.png
127x8y5r270s1_5.png recognized as:  507.png
36x8y5r120s0_75.png recognized as:  125.png



Salt and pepper noise with density 0.6%
40.0 % recognized correctly.
Incorrect results: 
774x8y5r240s1_5.png recognized as:  127.png
157x8y5r300s1_75.png recognized as:  875.png
774x8y5r120s1_25.png recognized as:  127.png
157x8y5r180s1_25.png recognized as:  875.png
774x8y5r150s0_75.png recognized as:  125.png
262x8y5r240s0_75.png recognized as:  507.png
259x8y5r300s2.png recognized as:  127.png
774x8y5r120s0_5.png recognized as:  127.png
36x8y5r120s1_0.png recognized as:  127.png
157x8y5r60s1_0.png recognized as:  875.png
36x8y5r180s0_5.png recognized as:  127.png
308x8y5r120s1_0.png recognized as:  507.png
308x8y5r150s2.png recognized as:  507.png
308x8y5r270s1_0.png recognized as:  507.png
125x8y5r210s1_0.png recognized as:  127.png
157x8y5r60s1_5.png recognized as:  875.png
125x8y5r210s0_75.png recognized as:  127.png
125x8y5r330s2.png recognized as:  875.png
157x8y5r270s1_0.png recognized as:  875.png
259x8y5r30s1_25.png recognized as:  127.png
259x8y5r300s0_5.png recognized as:  507.png
157x8y5r210s2.png recognized as:  875.png
125x8y5r300s1_0.png recognized as:  127.png
127x8y5r300s2.png recognized as:  507.png
774x8y5r240s0_5.png recognized as:  875.png
125x8y5r180s0_75.png recognized as:  875.png
127x8y5r30s1_0.png recognized as:  507.png
259x8y5r300s1_25.png recognized as:  507.png
262x8y5r150s1_5.png recognized as:  127.png
157x8y5r0s1_25.png recognized as:  127.png
125x8y5r120s1_25.png recognized as:  127.png
127x8y5r270s1_5.png recognized as:  507.png
36x8y5r120s0_75.png recognized as:  127.png



Salt and pepper noise with density 1%
16.363636363636363 % recognized correctly.
Incorrect results: 
774x8y5r240s1_5.png recognized as:  875.png
157x8y5r300s1_75.png recognized as:  875.png
153x8y5r90s1_75.png recognized as:  161.png
774x8y5r120s1_25.png recognized as:  875.png
157x8y5r180s1_25.png recognized as:  875.png
875x8y5r30s1_5.png recognized as:  507.png
774x8y5r150s0_75.png recognized as:  875.png
514x8y5r180s1_75.png recognized as:  161.png
262x8y5r240s0_75.png recognized as:  507.png
259x8y5r300s2.png recognized as:  507.png
514x8y5r300s1_0.png recognized as:  161.png
153x8y5r270s0_75.png recognized as:  161.png
774x8y5r120s0_5.png recognized as:  875.png
36x8y5r120s1_0.png recognized as:  127.png
157x8y5r60s1_0.png recognized as:  875.png
514x8y5r330s1_25.png recognized as:  161.png
36x8y5r180s0_5.png recognized as:  127.png
308x8y5r120s1_0.png recognized as:  507.png
308x8y5r150s2.png recognized as:  507.png
308x8y5r270s1_0.png recognized as:  507.png
125x8y5r210s1_0.png recognized as:  507.png
157x8y5r60s1_5.png recognized as:  875.png
514x8y5r330s1_0.png recognized as:  161.png
125x8y5r210s0_75.png recognized as:  507.png
125x8y5r330s2.png recognized as:  507.png
157x8y5r270s1_0.png recognized as:  875.png
259x8y5r30s1_25.png recognized as:  507.png
259x8y5r300s0_5.png recognized as:  507.png
875x8y5r150s1_0.png recognized as:  507.png
153x8y5r150s2.png recognized as:  161.png
514x8y5r30s0_75.png recognized as:  161.png
875x8y5r300s1_5.png recognized as:  507.png
157x8y5r210s2.png recognized as:  875.png
125x8y5r300s1_0.png recognized as:  507.png
127x8y5r300s2.png recognized as:  507.png
774x8y5r240s0_5.png recognized as:  507.png
125x8y5r180s0_75.png recognized as:  507.png
127x8y5r30s1_0.png recognized as:  507.png
259x8y5r300s1_25.png recognized as:  507.png
514x8y5r330s0_75.png recognized as:  161.png
262x8y5r150s1_5.png recognized as:  507.png
157x8y5r0s1_25.png recognized as:  875.png
125x8y5r120s1_25.png recognized as:  507.png
514x8y5r180s1_0.png recognized as:  161.png
127x8y5r270s1_5.png recognized as:  507.png
36x8y5r120s0_75.png recognized as:  127.png



Salt and pepper noise with density 2%
14.545454545454545 % recognized correctly.
Incorrect results: 
774x8y5r240s1_5.png recognized as:  875.png
157x8y5r300s1_75.png recognized as:  875.png
153x8y5r90s1_75.png recognized as:  161.png
774x8y5r120s1_25.png recognized as:  875.png
157x8y5r180s1_25.png recognized as:  875.png
875x8y5r30s1_5.png recognized as:  507.png
774x8y5r150s0_75.png recognized as:  875.png
514x8y5r180s1_75.png recognized as:  161.png
262x8y5r240s0_75.png recognized as:  507.png
259x8y5r300s2.png recognized as:  507.png
514x8y5r300s1_0.png recognized as:  161.png
153x8y5r270s0_75.png recognized as:  161.png
774x8y5r120s0_5.png recognized as:  875.png
36x8y5r120s1_0.png recognized as:  507.png
157x8y5r60s1_0.png recognized as:  875.png
514x8y5r330s1_25.png recognized as:  161.png
36x8y5r180s0_5.png recognized as:  507.png
308x8y5r120s1_0.png recognized as:  507.png
308x8y5r150s2.png recognized as:  507.png
308x8y5r270s1_0.png recognized as:  507.png
125x8y5r210s1_0.png recognized as:  507.png
157x8y5r60s1_5.png recognized as:  875.png
514x8y5r330s1_0.png recognized as:  161.png
125x8y5r210s0_75.png recognized as:  507.png
125x8y5r330s2.png recognized as:  507.png
157x8y5r270s1_0.png recognized as:  875.png
259x8y5r30s1_25.png recognized as:  507.png
259x8y5r300s0_5.png recognized as:  507.png
875x8y5r150s1_0.png recognized as:  507.png
153x8y5r150s2.png recognized as:  161.png
514x8y5r30s0_75.png recognized as:  161.png
875x8y5r300s1_5.png recognized as:  507.png
157x8y5r210s2.png recognized as:  875.png
125x8y5r300s1_0.png recognized as:  507.png
127x8y5r300s2.png recognized as:  507.png
875x8y5r0s0_75.png recognized as:  507.png
774x8y5r240s0_5.png recognized as:  875.png
125x8y5r180s0_75.png recognized as:  507.png
127x8y5r30s1_0.png recognized as:  507.png
259x8y5r300s1_25.png recognized as:  507.png
514x8y5r330s0_75.png recognized as:  161.png
262x8y5r150s1_5.png recognized as:  507.png
157x8y5r0s1_25.png recognized as:  875.png
125x8y5r120s1_25.png recognized as:  507.png
514x8y5r180s1_0.png recognized as:  161.png
127x8y5r270s1_5.png recognized as:  507.png
36x8y5r120s0_75.png recognized as:  507.png



Salt and pepper noise with density 3%
14.545454545454545 % recognized correctly.
Incorrect results: 
774x8y5r240s1_5.png recognized as:  507.png
157x8y5r300s1_75.png recognized as:  875.png
153x8y5r90s1_75.png recognized as:  161.png
774x8y5r120s1_25.png recognized as:  507.png
157x8y5r180s1_25.png recognized as:  875.png
875x8y5r30s1_5.png recognized as:  507.png
774x8y5r150s0_75.png recognized as:  507.png
514x8y5r180s1_75.png recognized as:  161.png
262x8y5r240s0_75.png recognized as:  507.png
259x8y5r300s2.png recognized as:  507.png
514x8y5r300s1_0.png recognized as:  161.png
153x8y5r270s0_75.png recognized as:  161.png
774x8y5r120s0_5.png recognized as:  875.png
36x8y5r120s1_0.png recognized as:  507.png
157x8y5r60s1_0.png recognized as:  875.png
514x8y5r330s1_25.png recognized as:  161.png
36x8y5r180s0_5.png recognized as:  507.png
308x8y5r120s1_0.png recognized as:  507.png
308x8y5r150s2.png recognized as:  507.png
308x8y5r270s1_0.png recognized as:  507.png
125x8y5r210s1_0.png recognized as:  507.png
157x8y5r60s1_5.png recognized as:  875.png
514x8y5r330s1_0.png recognized as:  161.png
125x8y5r210s0_75.png recognized as:  507.png
125x8y5r330s2.png recognized as:  507.png
157x8y5r270s1_0.png recognized as:  875.png
259x8y5r30s1_25.png recognized as:  507.png
259x8y5r300s0_5.png recognized as:  507.png
875x8y5r150s1_0.png recognized as:  507.png
153x8y5r150s2.png recognized as:  161.png
514x8y5r30s0_75.png recognized as:  161.png
875x8y5r300s1_5.png recognized as:  507.png
157x8y5r210s2.png recognized as:  875.png
125x8y5r300s1_0.png recognized as:  507.png
127x8y5r300s2.png recognized as:  507.png
875x8y5r0s0_75.png recognized as:  507.png
774x8y5r240s0_5.png recognized as:  875.png
125x8y5r180s0_75.png recognized as:  507.png
127x8y5r30s1_0.png recognized as:  507.png
259x8y5r300s1_25.png recognized as:  507.png
514x8y5r330s0_75.png recognized as:  161.png
262x8y5r150s1_5.png recognized as:  507.png
157x8y5r0s1_25.png recognized as:  875.png
125x8y5r120s1_25.png recognized as:  507.png
514x8y5r180s1_0.png recognized as:  161.png
127x8y5r270s1_5.png recognized as:  507.png
36x8y5r120s0_75.png recognized as:  507.png



Salt and pepper noise with density 5%
14.545454545454545 % recognized correctly.
Incorrect results: 
774x8y5r240s1_5.png recognized as:  875.png
157x8y5r300s1_75.png recognized as:  875.png
153x8y5r90s1_75.png recognized as:  161.png
774x8y5r120s1_25.png recognized as:  875.png
157x8y5r180s1_25.png recognized as:  875.png
875x8y5r30s1_5.png recognized as:  507.png
774x8y5r150s0_75.png recognized as:  875.png
514x8y5r180s1_75.png recognized as:  161.png
262x8y5r240s0_75.png recognized as:  507.png
259x8y5r300s2.png recognized as:  507.png
514x8y5r300s1_0.png recognized as:  161.png
153x8y5r270s0_75.png recognized as:  161.png
774x8y5r120s0_5.png recognized as:  507.png
36x8y5r120s1_0.png recognized as:  507.png
157x8y5r60s1_0.png recognized as:  875.png
514x8y5r330s1_25.png recognized as:  161.png
36x8y5r180s0_5.png recognized as:  507.png
308x8y5r120s1_0.png recognized as:  507.png
308x8y5r150s2.png recognized as:  507.png
308x8y5r270s1_0.png recognized as:  507.png
125x8y5r210s1_0.png recognized as:  507.png
157x8y5r60s1_5.png recognized as:  875.png
514x8y5r330s1_0.png recognized as:  161.png
125x8y5r210s0_75.png recognized as:  507.png
125x8y5r330s2.png recognized as:  507.png
157x8y5r270s1_0.png recognized as:  875.png
259x8y5r30s1_25.png recognized as:  507.png
259x8y5r300s0_5.png recognized as:  507.png
875x8y5r150s1_0.png recognized as:  507.png
153x8y5r150s2.png recognized as:  161.png
514x8y5r30s0_75.png recognized as:  161.png
875x8y5r300s1_5.png recognized as:  507.png
157x8y5r210s2.png recognized as:  875.png
125x8y5r300s1_0.png recognized as:  507.png
127x8y5r300s2.png recognized as:  507.png
875x8y5r0s0_75.png recognized as:  507.png
774x8y5r240s0_5.png recognized as:  875.png
125x8y5r180s0_75.png recognized as:  507.png
127x8y5r30s1_0.png recognized as:  507.png
259x8y5r300s1_25.png recognized as:  507.png
514x8y5r330s0_75.png recognized as:  161.png
262x8y5r150s1_5.png recognized as:  507.png
157x8y5r0s1_25.png recognized as:  875.png
125x8y5r120s1_25.png recognized as:  507.png
514x8y5r180s1_0.png recognized as:  161.png
127x8y5r270s1_5.png recognized as:  507.png
36x8y5r120s0_75.png recognized as:  507.png



Salt and pepper noise with density 10%
21.818181818181817 % recognized correctly.
Incorrect results: 
774x8y5r240s1_5.png recognized as:  875.png
157x8y5r300s1_75.png recognized as:  875.png
153x8y5r90s1_75.png recognized as:  161.png
774x8y5r120s1_25.png recognized as:  875.png
157x8y5r180s1_25.png recognized as:  875.png
774x8y5r150s0_75.png recognized as:  875.png
514x8y5r180s1_75.png recognized as:  161.png
262x8y5r240s0_75.png recognized as:  507.png
259x8y5r300s2.png recognized as:  507.png
514x8y5r300s1_0.png recognized as:  161.png
153x8y5r270s0_75.png recognized as:  161.png
774x8y5r120s0_5.png recognized as:  875.png
36x8y5r120s1_0.png recognized as:  507.png
157x8y5r60s1_0.png recognized as:  875.png
514x8y5r330s1_25.png recognized as:  161.png
36x8y5r180s0_5.png recognized as:  507.png
308x8y5r120s1_0.png recognized as:  507.png
308x8y5r150s2.png recognized as:  507.png
308x8y5r270s1_0.png recognized as:  507.png
125x8y5r210s1_0.png recognized as:  507.png
157x8y5r60s1_5.png recognized as:  875.png
514x8y5r330s1_0.png recognized as:  161.png
125x8y5r210s0_75.png recognized as:  507.png
125x8y5r330s2.png recognized as:  507.png
157x8y5r270s1_0.png recognized as:  875.png
259x8y5r30s1_25.png recognized as:  507.png
259x8y5r300s0_5.png recognized as:  507.png
153x8y5r150s2.png recognized as:  161.png
514x8y5r30s0_75.png recognized as:  161.png
157x8y5r210s2.png recognized as:  875.png
125x8y5r300s1_0.png recognized as:  507.png
127x8y5r300s2.png recognized as:  507.png
774x8y5r240s0_5.png recognized as:  875.png
125x8y5r180s0_75.png recognized as:  507.png
127x8y5r30s1_0.png recognized as:  507.png
259x8y5r300s1_25.png recognized as:  507.png
514x8y5r330s0_75.png recognized as:  161.png
262x8y5r150s1_5.png recognized as:  507.png
157x8y5r0s1_25.png recognized as:  875.png
125x8y5r120s1_25.png recognized as:  507.png
514x8y5r180s1_0.png recognized as:  161.png
127x8y5r270s1_5.png recognized as:  507.png
36x8y5r120s0_75.png recognized as:  507.png



Salt and pepper noise with density 15%
21.818181818181817 % recognized correctly.
Incorrect results: 
774x8y5r240s1_5.png recognized as:  875.png
157x8y5r300s1_75.png recognized as:  875.png
153x8y5r90s1_75.png recognized as:  161.png
774x8y5r120s1_25.png recognized as:  875.png
157x8y5r180s1_25.png recognized as:  875.png
774x8y5r150s0_75.png recognized as:  875.png
514x8y5r180s1_75.png recognized as:  161.png
262x8y5r240s0_75.png recognized as:  875.png
259x8y5r300s2.png recognized as:  507.png
514x8y5r300s1_0.png recognized as:  161.png
153x8y5r270s0_75.png recognized as:  161.png
774x8y5r120s0_5.png recognized as:  875.png
36x8y5r120s1_0.png recognized as:  507.png
157x8y5r60s1_0.png recognized as:  875.png
514x8y5r330s1_25.png recognized as:  161.png
36x8y5r180s0_5.png recognized as:  507.png
308x8y5r120s1_0.png recognized as:  507.png
308x8y5r150s2.png recognized as:  507.png
308x8y5r270s1_0.png recognized as:  507.png
125x8y5r210s1_0.png recognized as:  507.png
157x8y5r60s1_5.png recognized as:  875.png
514x8y5r330s1_0.png recognized as:  161.png
125x8y5r210s0_75.png recognized as:  507.png
125x8y5r330s2.png recognized as:  507.png
157x8y5r270s1_0.png recognized as:  875.png
259x8y5r30s1_25.png recognized as:  507.png
259x8y5r300s0_5.png recognized as:  507.png
153x8y5r150s2.png recognized as:  161.png
514x8y5r30s0_75.png recognized as:  161.png
157x8y5r210s2.png recognized as:  875.png
125x8y5r300s1_0.png recognized as:  507.png
127x8y5r300s2.png recognized as:  507.png
774x8y5r240s0_5.png recognized as:  875.png
125x8y5r180s0_75.png recognized as:  507.png
127x8y5r30s1_0.png recognized as:  507.png
259x8y5r300s1_25.png recognized as:  507.png
514x8y5r330s0_75.png recognized as:  161.png
262x8y5r150s1_5.png recognized as:  875.png
157x8y5r0s1_25.png recognized as:  875.png
125x8y5r120s1_25.png recognized as:  507.png
514x8y5r180s1_0.png recognized as:  161.png
127x8y5r270s1_5.png recognized as:  507.png
36x8y5r120s0_75.png recognized as:  507.png


